#
# A fatal error has been detected by the Java Runtime Environment:
#
#  EXCEPTION_ACCESS_VIOLATION (0xc0000005) at pc=0x6c2ad4b3, pid=2984, tid=3932
#
# JRE version: 6.0_45-b06
# Java VM: Java HotSpot(TM) Client VM (20.45-b01 mixed mode, sharing windows-x86 )
# Problematic frame:
# C  [mshtml.dll+0x6d4b3]
#
# If you would like to submit a bug report, please visit:
#   http://java.sun.com/webapps/bugreport/crash.jsp
# The crash happened outside the Java Virtual Machine in native code.
# See problematic frame for where to report the bug.
#

---------------  T H R E A D  ---------------

Current thread (0x0044e800):  JavaThread "main" [_thread_in_native, id=3932, stack(0x001c0000,0x00210000)]

siginfo: ExceptionCode=0xc0000005, reading address 0x0000001c

Registers:
EAX=0x00000000, EBX=0x207c9148, ECX=0x00000000, EDX=0x00000000
ESP=0x0020f44c, EBP=0x0020f45c, ESI=0x0020f490, EDI=0x00000000
EIP=0x6c2ad4b3, EFLAGS=0x00010246

Top of Stack: (sp=0x0020f44c)
0x0020f44c:   6c2ad4f4 0020f458 0020f490 00000000
0x0020f45c:   0020f47c 6c2b1fee 207c9148 0ba84648
0x0020f46c:   207c9148 000000c1 00000000 000000c1
0x0020f47c:   0020f728 6c4262b9 207c9148 0ba84648
0x0020f48c:   207c9148 00000000 00000000 00000000
0x0020f49c:   00000000 00000000 00000000 00000000
0x0020f4ac:   00000000 00000000 00000000 00000000
0x0020f4bc:   00000000 00000000 00000000 00000000 

Instructions: (pc=0x6c2ad4b3)
0x6c2ad493:   51 56 8b c2 e8 8f 44 07 00 89 42 18 e9 25 5b 07
0x6c2ad4a3:   00 90 90 90 90 90 8b 40 4c eb 05 90 90 90 90 90
0x6c2ad4b3:   8b 40 1c 83 e0 fc 8b 40 04 c3 e8 0a 00 00 00 e9
0x6c2ad4c3:   6a fd 1a 00 90 90 90 90 90 8b ff 8b 40 04 f6 40 


Register to memory mapping:

EAX=0x00000000 is an unknown value
EBX=0x207c9148 is an unknown value
ECX=0x00000000 is an unknown value
EDX=0x00000000 is an unknown value
ESP=0x0020f44c is pointing into the stack for thread: 0x0044e800
EBP=0x0020f45c is pointing into the stack for thread: 0x0044e800
ESI=0x0020f490 is pointing into the stack for thread: 0x0044e800
EDI=0x00000000 is an unknown value


Stack: [0x001c0000,0x00210000],  sp=0x0020f44c,  free space=317k
Native frames: (J=compiled Java code, j=interpreted, Vv=VM code, C=native code)
C  [mshtml.dll+0x6d4b3]  RunHTMLApplication+0xcc75
C  [mshtml.dll+0x71fee]  RunHTMLApplication+0x117b0
C  [mshtml.dll+0x1e62b9]  Ordinal103+0x63b54
C  [mshtml.dll+0x1eab15]  Ordinal103+0x683b0
C  [mshtml.dll+0x1eaad5]  Ordinal103+0x68370
C  [mshtml.dll+0x1eaabc]  Ordinal103+0x68357
C  [mshtml.dll+0x1a31b]
C  [mshtml.dll+0x1a261]
C  [mshtml.dll+0x17ac1b]  DllGetClassObject+0x386de
C  [mshtml.dll+0x17ac5c]  DllGetClassObject+0x3871f
C  [mshtml.dll+0x5ec45]
C  [mshtml.dll+0x1b7901]  Ordinal103+0x3519c
C  [mshtml.dll+0x1b2c5a]  Ordinal103+0x304f5
C  [USER32.dll+0x16238]  gapfnScSendMessage+0x270
C  [USER32.dll+0x168ea]  gapfnScSendMessage+0x922
C  [USER32.dll+0x17d31]  LoadStringW+0x11f
C  [USER32.dll+0x17dfa]  DispatchMessageW+0xf
C  [swt-win32-4332.dll+0x3afe]  Java_org_eclipse_swt_internal_win32_OS_DispatchMessageW+0x31
J  org.eclipse.swt.internal.win32.OS.DispatchMessageW(Lorg/eclipse/swt/internal/win32/MSG;)I
J  org.eclipse.swt.widgets.Display.readAndDispatch()Z
j  com.edaigou3.MainView.main([Ljava/lang/String;)V+9
v  ~StubRoutines::call_stub
V  [jvm.dll+0xfb88b]
V  [jvm.dll+0x18d551]
V  [jvm.dll+0xfb90d]
V  [jvm.dll+0x960f6]
V  [jvm.dll+0x9df33]
C  [javaw.exe+0x2155]
C  [javaw.exe+0x8624]
C  [kernel32.dll+0x13677]  BaseThreadInitThunk+0x12
C  [ntdll.dll+0x39f42]  RtlInitializeExceptionChain+0x63
C  [ntdll.dll+0x39f15]  RtlInitializeExceptionChain+0x36

Java frames: (J=compiled Java code, j=interpreted, Vv=VM code)
J  org.eclipse.swt.internal.win32.OS.DispatchMessageW(Lorg/eclipse/swt/internal/win32/MSG;)I
J  org.eclipse.swt.widgets.Display.readAndDispatch()Z
J  com.edaigou3.view.base.IMainView.open()V
j  com.edaigou3.view.base.IMainView.load()V+20
j  com.edaigou3.MainView.main([Ljava/lang/String;)V+9
v  ~StubRoutines::call_stub

---------------  P R O C E S S  ---------------

Java Threads: ( => current thread )
  0x04c8f800 JavaThread "AWT-Windows" daemon [_thread_in_native, id=376, stack(0x06fe0000,0x07030000)]
  0x04c8ec00 JavaThread "Java2D Disposer" daemon [_thread_blocked, id=3452, stack(0x06ec0000,0x06f10000)]
  0x04bdc400 JavaThread "Abandoned connection cleanup thread" daemon [_thread_blocked, id=1072, stack(0x05320000,0x05370000)]
  0x04bca000 JavaThread "C3P0PooledConnectionPoolManager[identityToken->1hge13g9aiyg60e1cymp5n|18488ef]-HelperThread-#2" daemon [_thread_blocked, id=3928, stack(0x05290000,0x052e0000)]
  0x04bc9c00 JavaThread "C3P0PooledConnectionPoolManager[identityToken->1hge13g9aiyg60e1cymp5n|18488ef]-HelperThread-#1" daemon [_thread_blocked, id=2944, stack(0x05200000,0x05250000)]
  0x04bc9400 JavaThread "C3P0PooledConnectionPoolManager[identityToken->1hge13g9aiyg60e1cymp5n|18488ef]-HelperThread-#0" daemon [_thread_blocked, id=2908, stack(0x05170000,0x051c0000)]
  0x04bc9000 JavaThread "C3P0PooledConnectionPoolManager[identityToken->1hge13g9aiyg60e1cymp5n|18488ef]-AdminTaskTimer" daemon [_thread_blocked, id=3812, stack(0x04fb0000,0x05000000)]
  0x004c1000 JavaThread "Low Memory Detector" daemon [_thread_blocked, id=2312, stack(0x04600000,0x04650000)]
  0x004bc000 JavaThread "C1 CompilerThread0" daemon [_thread_blocked, id=2672, stack(0x04570000,0x045c0000)]
  0x004bb000 JavaThread "Attach Listener" daemon [_thread_blocked, id=3796, stack(0x024d0000,0x02520000)]
  0x004ba400 JavaThread "Signal Dispatcher" daemon [_thread_blocked, id=3260, stack(0x02440000,0x02490000)]
  0x004ad400 JavaThread "Finalizer" daemon [_thread_blocked, id=2420, stack(0x023b0000,0x02400000)]
  0x004ab800 JavaThread "Reference Handler" daemon [_thread_blocked, id=2968, stack(0x02020000,0x02070000)]
=>0x0044e800 JavaThread "main" [_thread_in_native, id=3932, stack(0x001c0000,0x00210000)]

Other Threads:
  0x0046f000 VMThread [stack: 0x01f90000,0x01fe0000] [id=3584]
  0x004c2800 WatcherThread [stack: 0x04690000,0x046e0000] [id=3168]

VM state:not at safepoint (normal execution)

VM Mutex/Monitor currently owned by a thread: None

Heap
 def new generation   total 7360K, used 3256K [0x229f0000, 0x231e0000, 0x27f40000)
  eden space 6592K,  37% used [0x229f0000, 0x22c5e140, 0x23060000)
  from space 768K, 100% used [0x23120000, 0x231e0000, 0x231e0000)
  to   space 768K,   0% used [0x23060000, 0x23060000, 0x23120000)
 tenured generation   total 16200K, used 14231K [0x27f40000, 0x28f12000, 0x329f0000)
   the space 16200K,  87% used [0x27f40000, 0x28d25db0, 0x28d25e00, 0x28f12000)
 compacting perm gen  total 19968K, used 19841K [0x329f0000, 0x33d70000, 0x369f0000)
   the space 19968K,  99% used [0x329f0000, 0x33d50520, 0x33d50600, 0x33d70000)
    ro space 10240K,  55% used [0x369f0000, 0x36f73dd8, 0x36f73e00, 0x373f0000)
    rw space 12288K,  55% used [0x373f0000, 0x37a96cd0, 0x37a96e00, 0x37ff0000)

Code Cache  [0x02570000, 0x02a10000, 0x04570000)
 total_blobs=2162 nmethods=1944 adapters=151 free_code_cache=28736320 largest_free_block=128

Dynamic libraries:
0x00400000 - 0x00425000 	C:\Users\zoro\Desktop\jdk1.6.0_45\bin\javaw.exe
0x770b0000 - 0x77230000 	C:\Windows\SysWOW64\ntdll.dll
0x76020000 - 0x76130000 	C:\Windows\syswow64\kernel32.dll
0x74e30000 - 0x74e77000 	C:\Windows\syswow64\KERNELBASE.dll
0x76790000 - 0x76830000 	C:\Windows\syswow64\ADVAPI32.dll
0x74d80000 - 0x74e2c000 	C:\Windows\syswow64\msvcrt.dll
0x765d0000 - 0x765e9000 	C:\Windows\SysWOW64\sechost.dll
0x769c0000 - 0x76ab0000 	C:\Windows\syswow64\RPCRT4.dll
0x74c10000 - 0x74c70000 	C:\Windows\syswow64\SspiCli.dll
0x74c00000 - 0x74c0c000 	C:\Windows\syswow64\CRYPTBASE.dll
0x76600000 - 0x76700000 	C:\Windows\syswow64\USER32.dll
0x74fd0000 - 0x75060000 	C:\Windows\syswow64\GDI32.dll
0x76950000 - 0x7695a000 	C:\Windows\syswow64\LPK.dll
0x76830000 - 0x768cd000 	C:\Windows\syswow64\USP10.dll
0x76960000 - 0x769c0000 	C:\Windows\system32\IMM32.DLL
0x74cb0000 - 0x74d7c000 	C:\Windows\syswow64\MSCTF.dll
0x7c340000 - 0x7c396000 	C:\Users\zoro\Desktop\jdk1.6.0_45\jre\bin\msvcr71.dll
0x6d8e0000 - 0x6db90000 	C:\Users\zoro\Desktop\jdk1.6.0_45\jre\bin\client\jvm.dll
0x72ff0000 - 0x73022000 	C:\Windows\system32\WINMM.dll
0x724d0000 - 0x7251b000 	C:\Windows\system32\apphelp.dll
0x6d890000 - 0x6d89c000 	C:\Users\zoro\Desktop\jdk1.6.0_45\jre\bin\verify.dll
0x6d3e0000 - 0x6d3ff000 	C:\Users\zoro\Desktop\jdk1.6.0_45\jre\bin\java.dll
0x6d8d0000 - 0x6d8df000 	C:\Users\zoro\Desktop\jdk1.6.0_45\jre\bin\zip.dll
0x6d6c0000 - 0x6d6d3000 	C:\Users\zoro\Desktop\jdk1.6.0_45\jre\bin\net.dll
0x74c70000 - 0x74ca5000 	C:\Windows\syswow64\WS2_32.dll
0x765f0000 - 0x765f6000 	C:\Windows\syswow64\NSI.dll
0x72650000 - 0x7268c000 	C:\Windows\system32\mswsock.dll
0x72000000 - 0x72006000 	C:\Windows\System32\wship6.dll
0x72210000 - 0x72220000 	C:\Windows\system32\NLAapi.dll
0x72be0000 - 0x72c24000 	C:\Windows\system32\DNSAPI.dll
0x72200000 - 0x72208000 	C:\Windows\System32\winrnr.dll
0x72180000 - 0x72190000 	C:\Windows\system32\napinsp.dll
0x72160000 - 0x72172000 	C:\Windows\system32\pnrpnsp.dll
0x72150000 - 0x7215d000 	C:\Windows\system32\wshbth.dll
0x72010000 - 0x72015000 	C:\Windows\System32\wshtcpip.dll
0x731e0000 - 0x731fc000 	C:\Windows\system32\IPHLPAPI.DLL
0x731d0000 - 0x731d7000 	C:\Windows\system32\WINNSI.DLL
0x71ff0000 - 0x71ff6000 	C:\Windows\system32\rasadhlp.dll
0x72530000 - 0x72568000 	C:\Windows\System32\fwpuclnt.dll
0x72570000 - 0x72586000 	C:\Windows\system32\CRYPTSP.dll
0x723d0000 - 0x7240b000 	C:\Windows\system32\rsaenh.dll
0x733f0000 - 0x73407000 	C:\Windows\system32\USERENV.dll
0x733e0000 - 0x733eb000 	C:\Windows\system32\profapi.dll
0x6d610000 - 0x6d619000 	C:\Users\zoro\Desktop\jdk1.6.0_45\jre\bin\management.dll
0x10000000 - 0x10070000 	C:\Users\zoro\.swt\lib\win32\x86\swt-win32-4332.dll
0x75ec0000 - 0x7601c000 	C:\Windows\syswow64\ole32.dll
0x75060000 - 0x750ef000 	C:\Windows\syswow64\OLEAUT32.dll
0x768d0000 - 0x7694b000 	C:\Windows\syswow64\comdlg32.dll
0x75de0000 - 0x75e37000 	C:\Windows\syswow64\SHLWAPI.dll
0x72ca0000 - 0x72e3e000 	C:\Windows\WinSxS\x86_microsoft.windows.common-controls_6595b64144ccf1df_6.0.7600.16661_none_420fe3fa2b8113bd\COMCTL32.dll
0x75180000 - 0x75dc9000 	C:\Windows\syswow64\SHELL32.dll
0x71ec0000 - 0x71f11000 	C:\Windows\system32\WINSPOOL.DRV
0x762d0000 - 0x763c5000 	C:\Windows\syswow64\WININET.dll
0x76ab0000 - 0x76be6000 	C:\Windows\syswow64\urlmon.dll
0x74e80000 - 0x74f9c000 	C:\Windows\syswow64\CRYPT32.dll
0x76ca0000 - 0x76cac000 	C:\Windows\syswow64\MSASN1.dll
0x763d0000 - 0x765cf000 	C:\Windows\syswow64\iertutil.dll
0x72a40000 - 0x72b35000 	C:\Windows\system32\propsys.dll
0x750f0000 - 0x75173000 	C:\Windows\syswow64\CLBCatQ.DLL
0x73450000 - 0x734d0000 	C:\Windows\system32\uxtheme.dll
0x71d10000 - 0x71d4c000 	C:\Windows\system32\oleacc.dll
0x6c810000 - 0x6d296000 	C:\Windows\SysWOW64\ieframe.dll
0x75dd0000 - 0x75dd5000 	C:\Windows\syswow64\PSAPI.DLL
0x734d0000 - 0x7352f000 	C:\Windows\system32\SXS.DLL
0x72fe0000 - 0x72fee000 	C:\Windows\system32\RpcRtRemote.dll
0x70a60000 - 0x70af3000 	C:\Users\zoro\AppData\Roaming\TaobaoProtect\TaobaoProtectSE.dll
0x73420000 - 0x73429000 	C:\Windows\system32\VERSION.dll
0x74670000 - 0x74673000 	C:\Windows\system32\sfc.dll
0x73fd0000 - 0x73fdd000 	C:\Windows\system32\sfc_os.DLL
0x74ad0000 - 0x74afb000 	C:\Program Files (x86)\Internet Explorer\ieproxy.dll
0x06d30000 - 0x06e7c000 	C:\Users\zoro\Desktop\jdk1.6.0_45\jre\bin\awt.dll
0x74ab0000 - 0x74ac3000 	C:\Windows\system32\DWMAPI.DLL
0x74a80000 - 0x74aae000 	C:\Windows\system32\mlang.dll
0x6c240000 - 0x6c804000 	C:\Windows\SysWOW64\mshtml.dll
0x74800000 - 0x7482a000 	C:\Windows\SysWOW64\msls31.dll
0x71dc0000 - 0x71de1000 	C:\Windows\system32\ntmarta.dll
0x76c50000 - 0x76c95000 	C:\Windows\syswow64\WLDAP32.dll
0x74a70000 - 0x74a7b000 	C:\Windows\system32\msimtf.dll
0x747c0000 - 0x747f9000 	C:\Windows\system32\MMDevAPI.DLL
0x74790000 - 0x747c0000 	C:\Windows\system32\wdmaud.drv
0x74a60000 - 0x74a64000 	C:\Windows\system32\ksuser.dll
0x736e0000 - 0x736e7000 	C:\Windows\system32\AVRT.dll
0x76130000 - 0x762cd000 	C:\Windows\syswow64\SETUPAPI.dll
0x76c20000 - 0x76c47000 	C:\Windows\syswow64\CFGMGR32.dll
0x75e40000 - 0x75e52000 	C:\Windows\syswow64\DEVOBJ.dll
0x714b0000 - 0x71502000 	C:\Windows\system32\RASAPI32.dll
0x73430000 - 0x73445000 	C:\Windows\system32\rasman.dll
0x72b50000 - 0x72b5d000 	C:\Windows\system32\rtutils.dll
0x73590000 - 0x735c6000 	C:\Windows\system32\AUDIOSES.DLL
0x72590000 - 0x72596000 	C:\Windows\system32\sensapi.dll
0x736d0000 - 0x736d8000 	C:\Windows\system32\msacm32.drv
0x73570000 - 0x73584000 	C:\Windows\system32\MSACM32.dll
0x736b0000 - 0x736b9000 	C:\Windows\system32\dsrole.dll
0x736c0000 - 0x736c7000 	C:\Windows\system32\midimap.dll
0x77080000 - 0x77083000 	C:\Windows\syswow64\Normaliz.dll
0x6c180000 - 0x6c232000 	C:\Windows\SysWOW64\jscript.dll
0x73540000 - 0x7354b000 	C:\Windows\system32\ImgUtil.dll
0x76bf0000 - 0x76c1d000 	C:\Windows\syswow64\wintrust.dll
0x74630000 - 0x7466a000 	C:\Windows\system32\schannel.DLL
0x72020000 - 0x72028000 	C:\Windows\system32\credssp.dll
0x72f20000 - 0x72f28000 	C:\Windows\system32\secur32.dll
0x72390000 - 0x723c8000 	C:\Windows\system32\ncrypt.dll
0x72280000 - 0x72297000 	C:\Windows\system32\bcrypt.dll
0x72240000 - 0x7227d000 	C:\Windows\SysWOW64\bcryptprimitives.dll
0x70b00000 - 0x70b39000 	C:\Windows\SysWOW64\Dxtrans.dll
0x6f480000 - 0x6f494000 	C:\Windows\SysWOW64\ATL.DLL
0x72520000 - 0x7252a000 	C:\Windows\SysWOW64\ddrawex.dll
0x6eb30000 - 0x6ec17000 	C:\Windows\SysWOW64\DDRAW.dll
0x6fb60000 - 0x6fb66000 	C:\Windows\SysWOW64\DCIMAN32.dll
0x6f8e0000 - 0x6f905000 	C:\Windows\system32\PowrProf.dll
0x72220000 - 0x72236000 	C:\Windows\system32\GPAPI.dll
0x6ead0000 - 0x6eb27000 	C:\Windows\SysWOW64\Dxtmsft.dll
0x735d0000 - 0x735ff000 	C:\Windows\system32\XmlLite.dll
0x71d60000 - 0x71d65000 	C:\Windows\system32\msimg32.dll
0x6c100000 - 0x6c172000 	C:\Windows\system32\DSOUND.dll
0x6a9a0000 - 0x6aad3000 	C:\Windows\System32\msxml3.dll
0x732d0000 - 0x732e1000 	C:\Windows\system32\NETAPI32.dll
0x732c0000 - 0x732c9000 	C:\Windows\system32\netutils.dll
0x732a0000 - 0x732b9000 	C:\Windows\system32\srvcli.dll
0x73290000 - 0x7329f000 	C:\Windows\system32\wkscli.dll
0x72090000 - 0x7209a000 	C:\Windows\system32\wbem\wbemprox.dll
0x72030000 - 0x7208c000 	C:\Windows\system32\wbemcomn.dll
0x71eb0000 - 0x71ebf000 	C:\Windows\system32\wbem\wbemsvc.dll
0x71e10000 - 0x71ea6000 	C:\Windows\system32\wbem\fastprox.dll
0x71df0000 - 0x71e08000 	C:\Windows\system32\NTDSAPI.dll
0x72430000 - 0x72446000 	C:\Windows\system32\wlanapi.dll
0x72420000 - 0x72426000 	C:\Windows\system32\wlanutil.dll
0x72f00000 - 0x72f12000 	C:\Windows\system32\dhcpcsvc.DLL

VM Arguments:
jvm_args: -Dfile.encoding=UTF-8 
java_command: com.edaigou3.MainView
Launcher Type: SUN_STANDARD

Environment Variables:
JAVA_HOME=C:\Program Files\Java\jdk1.7.0_60
JRE_HOME=C:\Program Files\Java\jre7
PATH=C:\Windows\system32;C:\Windows;C:\Windows\System32\Wbem;C:\Windows\System32\WindowsPowerShell\v1.0\;C:\Program Files (x86)\IDM Computer Solutions\UltraEdit\
USERNAME=zoro
OS=Windows_NT
PROCESSOR_IDENTIFIER=Intel64 Family 6 Model 42 Stepping 7, GenuineIntel



---------------  S Y S T E M  ---------------

OS: Windows 7 , 64 bit Build 7600 

CPU:total 4 (2 cores per cpu, 2 threads per core) family 6 model 42 stepping 7, cmov, cx8, fxsr, mmx, sse, sse2, sse3, ssse3, sse4.1, sse4.2, popcnt, ht

Memory: 4k page, physical 4103408k(943540k free), swap 8204912k(4547740k free)

vm_info: Java HotSpot(TM) Client VM (20.45-b01) for windows-x86 JRE (1.6.0_45-b06), built on Mar 26 2013 13:40:03 by "java_re" with MS VC++ 7.1 (VS2003)

time: Tue Jun 30 20:48:58 2015
elapsed time: 3210 seconds

