#
# A fatal error has been detected by the Java Runtime Environment:
#
#  EXCEPTION_ACCESS_VIOLATION (0xc0000005) at pc=0x62e89f94, pid=4976, tid=5004
#
# JRE version: 6.0_45-b06
# Java VM: Java HotSpot(TM) Client VM (20.45-b01 mixed mode, sharing windows-x86 )
# Problematic frame:
# C  [mshtml.dll+0x1d9f94]
#
# If you would like to submit a bug report, please visit:
#   http://java.sun.com/webapps/bugreport/crash.jsp
# The crash happened outside the Java Virtual Machine in native code.
# See problematic frame for where to report the bug.
#

---------------  T H R E A D  ---------------

Current thread (0x01fde800):  JavaThread "main" [_thread_in_native, id=5004, stack(0x01f70000,0x01fc0000)]

siginfo: ExceptionCode=0xc0000005, reading address 0x00000004

Registers:
EAX=0x00000000, EBX=0x00000000, ECX=0x00000072, EDX=0x00000004
ESP=0x01fbf460, EBP=0x01fbf468, ESI=0x08f9aa00, EDI=0x00000000
EIP=0x62e89f94, EFLAGS=0x00010206

Top of Stack: (sp=0x01fbf460)
0x01fbf460:   00000000 01fbf480 01fbf480 62d4f8e9
0x01fbf470:   00000000 00000000 01fbf50c 00000000
0x01fbf480:   01fbf4f0 62d3a441 08f9aa00 00000000
0x01fbf490:   00000007 6309f8c2 00000055 00000055
0x01fbf4a0:   00000000 62000101 00000100 0000026a
0x01fbf4b0:   0000026a 00000000 00000578 00000190
0x01fbf4c0:   00000708 00000000 00000000 00000000
0x01fbf4d0:   00000708 00000000 00000578 09b6fa40 

Instructions: (pc=0x62e89f94)
0x62e89f74:   63 e8 74 93 f5 ff 5f 85 c0 75 07 56 ff 15 cc 7e
0x62e89f84:   1f 63 c3 90 90 90 90 90 8b ff 55 8b ec 83 ec 08
0x62e89f94:   8b 47 04 8b 17 89 45 fc 8b c2 c1 e8 04 83 e0 01
0x62e89fa4:   83 c9 ff f6 c2 20 8b 57 0c c7 45 f8 00 00 00 00 


Register to memory mapping:

EAX=0x00000000 is an unknown value
EBX=0x00000000 is an unknown value
ECX=0x00000072 is an unknown value
EDX=0x00000004 is an unknown value
ESP=0x01fbf460 is pointing into the stack for thread: 0x01fde800
EBP=0x01fbf468 is pointing into the stack for thread: 0x01fde800
ESI=0x08f9aa00 is an unknown value
EDI=0x00000000 is an unknown value


Stack: [0x01f70000,0x01fc0000],  sp=0x01fbf460,  free space=317k
Native frames: (J=compiled Java code, j=interpreted, Vv=VM code, C=native code)
C  [mshtml.dll+0x1d9f94]  Ordinal103+0x5782f
C  [mshtml.dll+0x9f8e9]  RunHTMLApplication+0x3f0ab
C  [mshtml.dll+0x8a441]  RunHTMLApplication+0x29c03
C  [mshtml.dll+0x190b37]  Ordinal103+0xe3d2
C  [mshtml.dll+0x1914bd]  Ordinal103+0xed58
C  [mshtml.dll+0x4330a]
C  [mshtml.dll+0x47743]
C  [mshtml.dll+0x46d60]
C  [mshtml.dll+0x45200]
C  [mshtml.dll+0x472f7]
C  [mshtml.dll+0x46d18]
C  [mshtml.dll+0x46ca7]
C  [mshtml.dll+0x45667]
C  [mshtml.dll+0x2616c7]  DllCanUnloadNow+0x39f25
C  [mshtml.dll+0x26164d]  DllCanUnloadNow+0x39eab
C  [mshtml.dll+0x22d3ff]  DllCanUnloadNow+0x5c5d
C  [mshtml.dll+0x2126b5]  Ordinal103+0x8ff50
C  [mshtml.dll+0x22e588]  DllCanUnloadNow+0x6de6
C  [mshtml.dll+0x1fb0f0]  Ordinal103+0x7898b
C  [mshtml.dll+0x1b77e8]  Ordinal103+0x35083
C  [USER32.dll+0x16238]  gapfnScSendMessage+0x270
C  [USER32.dll+0x168ea]  gapfnScSendMessage+0x922
C  [USER32.dll+0x17d31]  LoadStringW+0x11f
C  [USER32.dll+0x17dfa]  DispatchMessageW+0xf
C  [swt-win32-4332.dll+0x3afe]  Java_org_eclipse_swt_internal_win32_OS_DispatchMessageW+0x31
J  org.eclipse.swt.internal.win32.OS.DispatchMessageW(Lorg/eclipse/swt/internal/win32/MSG;)I
J  org.eclipse.swt.widgets.Display.readAndDispatch()Z
j  com.edaigou3.MainView.main([Ljava/lang/String;)V+9
v  ~StubRoutines::call_stub
V  [jvm.dll+0xfb88b]
V  [jvm.dll+0x18d551]
V  [jvm.dll+0xfb90d]
V  [jvm.dll+0x960f6]
V  [jvm.dll+0x9df33]
C  [javaw.exe+0x2155]
C  [javaw.exe+0x8624]
C  [kernel32.dll+0x13677]  BaseThreadInitThunk+0x12
C  [ntdll.dll+0x39f42]  RtlInitializeExceptionChain+0x63
C  [ntdll.dll+0x39f15]  RtlInitializeExceptionChain+0x36

Java frames: (J=compiled Java code, j=interpreted, Vv=VM code)
J  org.eclipse.swt.internal.win32.OS.DispatchMessageW(Lorg/eclipse/swt/internal/win32/MSG;)I
J  org.eclipse.swt.widgets.Display.readAndDispatch()Z
J  com.edaigou3.view.base.IMainView.open()V
j  com.edaigou3.view.base.IMainView.load()V+20
j  com.edaigou3.MainView.main([Ljava/lang/String;)V+9
v  ~StubRoutines::call_stub

---------------  P R O C E S S  ---------------

Java Threads: ( => current thread )
  0x049dec00 JavaThread "AWT-Windows" daemon [_thread_in_native, id=4148, stack(0x082e0000,0x08330000)]
  0x04b18800 JavaThread "Java2D Disposer" daemon [_thread_blocked, id=4144, stack(0x081c0000,0x08210000)]
  0x04bf0c00 JavaThread "Abandoned connection cleanup thread" daemon [_thread_blocked, id=5080, stack(0x052d0000,0x05320000)]
  0x04be7c00 JavaThread "C3P0PooledConnectionPoolManager[identityToken->1hge1389816f7nqm5oi0ej|10deb5f]-HelperThread-#2" daemon [_thread_blocked, id=5076, stack(0x05280000,0x052d0000)]
  0x04be7800 JavaThread "C3P0PooledConnectionPoolManager[identityToken->1hge1389816f7nqm5oi0ej|10deb5f]-HelperThread-#1" daemon [_thread_blocked, id=5072, stack(0x05130000,0x05180000)]
  0x04be7000 JavaThread "C3P0PooledConnectionPoolManager[identityToken->1hge1389816f7nqm5oi0ej|10deb5f]-HelperThread-#0" daemon [_thread_blocked, id=5068, stack(0x050e0000,0x05130000)]
  0x04bdbc00 JavaThread "C3P0PooledConnectionPoolManager[identityToken->1hge1389816f7nqm5oi0ej|10deb5f]-AdminTaskTimer" daemon [_thread_blocked, id=5064, stack(0x04e90000,0x04ee0000)]
  0x02060800 JavaThread "Low Memory Detector" daemon [_thread_blocked, id=5036, stack(0x045f0000,0x04640000)]
  0x0204cc00 JavaThread "C1 CompilerThread0" daemon [_thread_blocked, id=5032, stack(0x04560000,0x045b0000)]
  0x0204bc00 JavaThread "Attach Listener" daemon [_thread_blocked, id=5028, stack(0x044d0000,0x04520000)]
  0x02048c00 JavaThread "Signal Dispatcher" daemon [_thread_blocked, id=5024, stack(0x04440000,0x04490000)]
  0x02040c00 JavaThread "Finalizer" daemon [_thread_blocked, id=5016, stack(0x043b0000,0x04400000)]
  0x0203b800 JavaThread "Reference Handler" daemon [_thread_blocked, id=5012, stack(0x04320000,0x04370000)]
=>0x01fde800 JavaThread "main" [_thread_in_native, id=5004, stack(0x01f70000,0x01fc0000)]

Other Threads:
  0x01fff000 VMThread [stack: 0x04290000,0x042e0000] [id=5008]
  0x0207ac00 WatcherThread [stack: 0x04680000,0x046d0000] [id=5040]

VM state:not at safepoint (normal execution)

VM Mutex/Monitor currently owned by a thread: None

Heap
 def new generation   total 4992K, used 2840K [0x229f0000, 0x22f50000, 0x27f40000)
  eden space 4480K,  56% used [0x229f0000, 0x22c63dc8, 0x22e50000)
  from space 512K,  64% used [0x22e50000, 0x22ea22f8, 0x22ed0000)
  to   space 512K,   0% used [0x22ed0000, 0x22ed0000, 0x22f50000)
 tenured generation   total 10944K, used 4676K [0x27f40000, 0x289f0000, 0x329f0000)
   the space 10944K,  42% used [0x27f40000, 0x283d1028, 0x283d1200, 0x289f0000)
 compacting perm gen  total 18688K, used 18686K [0x329f0000, 0x33c30000, 0x369f0000)
   the space 18688K,  99% used [0x329f0000, 0x33c2fab0, 0x33c2fc00, 0x33c30000)
    ro space 10240K,  55% used [0x369f0000, 0x36f73dd8, 0x36f73e00, 0x373f0000)
    rw space 12288K,  55% used [0x373f0000, 0x37a96cd0, 0x37a96e00, 0x37ff0000)

Code Cache  [0x020c0000, 0x022d0000, 0x040c0000)
 total_blobs=1124 nmethods=911 adapters=147 free_code_cache=31401536 largest_free_block=192

Dynamic libraries:
0x00400000 - 0x00425000 	C:\Users\zoro\Desktop\jdk1.6.0_45\bin\javaw.exe
0x77d50000 - 0x77ed0000 	C:\Windows\SysWOW64\ntdll.dll
0x77840000 - 0x77950000 	C:\Windows\syswow64\kernel32.dll
0x76330000 - 0x76377000 	C:\Windows\syswow64\KERNELBASE.dll
0x75cc0000 - 0x75d60000 	C:\Windows\syswow64\ADVAPI32.dll
0x77530000 - 0x775dc000 	C:\Windows\syswow64\msvcrt.dll
0x772b0000 - 0x772c9000 	C:\Windows\SysWOW64\sechost.dll
0x76070000 - 0x76160000 	C:\Windows\syswow64\RPCRT4.dll
0x758b0000 - 0x75910000 	C:\Windows\syswow64\SspiCli.dll
0x758a0000 - 0x758ac000 	C:\Windows\syswow64\CRYPTBASE.dll
0x775e0000 - 0x776e0000 	C:\Windows\syswow64\USER32.dll
0x777b0000 - 0x77840000 	C:\Windows\syswow64\GDI32.dll
0x76240000 - 0x7624a000 	C:\Windows\syswow64\LPK.dll
0x76290000 - 0x7632d000 	C:\Windows\syswow64\USP10.dll
0x774d0000 - 0x77530000 	C:\Windows\system32\IMM32.DLL
0x776e0000 - 0x777ac000 	C:\Windows\syswow64\MSCTF.dll
0x7c340000 - 0x7c396000 	C:\Users\zoro\Desktop\jdk1.6.0_45\jre\bin\msvcr71.dll
0x6d8e0000 - 0x6db90000 	C:\Users\zoro\Desktop\jdk1.6.0_45\jre\bin\client\jvm.dll
0x73c80000 - 0x73cb2000 	C:\Windows\system32\WINMM.dll
0x734d0000 - 0x7351b000 	C:\Windows\system32\apphelp.dll
0x6d890000 - 0x6d89c000 	C:\Users\zoro\Desktop\jdk1.6.0_45\jre\bin\verify.dll
0x6d3e0000 - 0x6d3ff000 	C:\Users\zoro\Desktop\jdk1.6.0_45\jre\bin\java.dll
0x6d8d0000 - 0x6d8df000 	C:\Users\zoro\Desktop\jdk1.6.0_45\jre\bin\zip.dll
0x6d6c0000 - 0x6d6d3000 	C:\Users\zoro\Desktop\jdk1.6.0_45\jre\bin\net.dll
0x76200000 - 0x76235000 	C:\Windows\syswow64\WS2_32.dll
0x76250000 - 0x76256000 	C:\Windows\syswow64\NSI.dll
0x73f80000 - 0x73fbc000 	C:\Windows\system32\mswsock.dll
0x73750000 - 0x73756000 	C:\Windows\System32\wship6.dll
0x73fc0000 - 0x73fd0000 	C:\Windows\system32\NLAapi.dll
0x73f30000 - 0x73f74000 	C:\Windows\system32\DNSAPI.dll
0x73f20000 - 0x73f28000 	C:\Windows\System32\winrnr.dll
0x73f10000 - 0x73f20000 	C:\Windows\system32\napinsp.dll
0x73ef0000 - 0x73f02000 	C:\Windows\system32\pnrpnsp.dll
0x73dd0000 - 0x73ddd000 	C:\Windows\system32\wshbth.dll
0x73c00000 - 0x73c05000 	C:\Windows\System32\wshtcpip.dll
0x73e60000 - 0x73e7c000 	C:\Windows\system32\IPHLPAPI.DLL
0x73e50000 - 0x73e57000 	C:\Windows\system32\WINNSI.DLL
0x73760000 - 0x73766000 	C:\Windows\system32\rasadhlp.dll
0x73710000 - 0x73748000 	C:\Windows\System32\fwpuclnt.dll
0x73c60000 - 0x73c76000 	C:\Windows\system32\CRYPTSP.dll
0x73c20000 - 0x73c5b000 	C:\Windows\system32\rsaenh.dll
0x73d20000 - 0x73d37000 	C:\Windows\system32\USERENV.dll
0x73d10000 - 0x73d1b000 	C:\Windows\system32\profapi.dll
0x6d610000 - 0x6d619000 	C:\Users\zoro\Desktop\jdk1.6.0_45\jre\bin\management.dll
0x10000000 - 0x10070000 	C:\Users\zoro\.swt\lib\win32\x86\swt-win32-4332.dll
0x75910000 - 0x75a6c000 	C:\Windows\syswow64\ole32.dll
0x76160000 - 0x761ef000 	C:\Windows\syswow64\OLEAUT32.dll
0x75b20000 - 0x75b9b000 	C:\Windows\syswow64\comdlg32.dll
0x77300000 - 0x77357000 	C:\Windows\syswow64\SHLWAPI.dll
0x739d0000 - 0x73b6e000 	C:\Windows\WinSxS\x86_microsoft.windows.common-controls_6595b64144ccf1df_6.0.7600.16661_none_420fe3fa2b8113bd\COMCTL32.dll
0x76660000 - 0x772a9000 	C:\Windows\syswow64\SHELL32.dll
0x73de0000 - 0x73e31000 	C:\Windows\system32\WINSPOOL.DRV
0x75f70000 - 0x76065000 	C:\Windows\syswow64\WININET.dll
0x77360000 - 0x77496000 	C:\Windows\syswow64\urlmon.dll
0x75ba0000 - 0x75cbc000 	C:\Windows\syswow64\CRYPT32.dll
0x761f0000 - 0x761fc000 	C:\Windows\syswow64\MSASN1.dll
0x75d70000 - 0x75f6f000 	C:\Windows\syswow64\iertutil.dll
0x73520000 - 0x73615000 	C:\Windows\system32\propsys.dll
0x765d0000 - 0x76653000 	C:\Windows\syswow64\CLBCatQ.DLL
0x6ec90000 - 0x6ed10000 	C:\Windows\system32\uxtheme.dll
0x73cc0000 - 0x73cfc000 	C:\Windows\system32\oleacc.dll
0x06650000 - 0x070d6000 	C:\Windows\SysWOW64\ieframe.dll
0x77d20000 - 0x77d25000 	C:\Windows\syswow64\PSAPI.DLL
0x64be0000 - 0x64c3f000 	C:\Windows\system32\SXS.DLL
0x73c10000 - 0x73c1e000 	C:\Windows\system32\RpcRtRemote.dll
0x6cd80000 - 0x6ce07000 	C:\Users\zoro\AppData\Roaming\TaobaoProtect\TaobaoProtectSE.dll
0x73e40000 - 0x73e49000 	C:\Windows\system32\VERSION.dll
0x741a0000 - 0x741cb000 	C:\Program Files (x86)\Internet Explorer\ieproxy.dll
0x6d0b0000 - 0x6d1fc000 	C:\Users\zoro\Desktop\jdk1.6.0_45\jre\bin\awt.dll
0x6dbb0000 - 0x6dbc3000 	C:\Windows\system32\DWMAPI.DLL
0x6ed20000 - 0x6ed4e000 	C:\Windows\system32\mlang.dll
0x62cb0000 - 0x63274000 	C:\Windows\SysWOW64\mshtml.dll
0x67f70000 - 0x67f9a000 	C:\Windows\SysWOW64\msls31.dll
0x73810000 - 0x73831000 	C:\Windows\system32\ntmarta.dll
0x76580000 - 0x765c5000 	C:\Windows\syswow64\WLDAP32.dll
0x74190000 - 0x7419b000 	C:\Windows\system32\msimtf.dll
0x737b0000 - 0x73802000 	C:\Windows\system32\RASAPI32.dll
0x73790000 - 0x737a5000 	C:\Windows\system32\rasman.dll
0x73780000 - 0x7378d000 	C:\Windows\system32\rtutils.dll
0x73770000 - 0x73776000 	C:\Windows\system32\sensapi.dll
0x6ddf0000 - 0x6ddf9000 	C:\Windows\system32\dsrole.dll
0x75d60000 - 0x75d63000 	C:\Windows\syswow64\Normaliz.dll
0x6f5a0000 - 0x6f5d9000 	C:\Windows\system32\MMDevAPI.DLL
0x6cf80000 - 0x6cfb0000 	C:\Windows\system32\wdmaud.drv
0x6dcc0000 - 0x6dcc4000 	C:\Windows\system32\ksuser.dll
0x6dcb0000 - 0x6dcb7000 	C:\Windows\system32\AVRT.dll
0x76380000 - 0x7651d000 	C:\Windows\syswow64\SETUPAPI.dll
0x774a0000 - 0x774c7000 	C:\Windows\syswow64\CFGMGR32.dll
0x75a70000 - 0x75a82000 	C:\Windows\syswow64\DEVOBJ.dll
0x6f5e0000 - 0x6f616000 	C:\Windows\system32\AUDIOSES.DLL
0x6cf50000 - 0x6cf58000 	C:\Windows\system32\msacm32.drv
0x6cf30000 - 0x6cf44000 	C:\Windows\system32\MSACM32.dll
0x6cc60000 - 0x6cc67000 	C:\Windows\system32\midimap.dll
0x736e0000 - 0x736fe000 	C:\Windows\system32\T2EMBED.DLL
0x66df0000 - 0x66ea2000 	C:\Windows\SysWOW64\jscript.dll
0x772d0000 - 0x772fd000 	C:\Windows\syswow64\wintrust.dll
0x6cbe0000 - 0x6cc1a000 	C:\Windows\system32\schannel.DLL
0x6ed10000 - 0x6ed18000 	C:\Windows\system32\credssp.dll
0x74180000 - 0x7418b000 	C:\Windows\system32\ImgUtil.dll
0x6c6a0000 - 0x6c6ae000 	C:\Windows\SysWOW64\pngfilt.dll
0x61b80000 - 0x62ca2000 	C:\Windows\SysWOW64\Macromed\Flash\Flash32_17_0_0_134.ocx
0x66810000 - 0x66882000 	C:\Windows\system32\DSOUND.dll
0x731f0000 - 0x73215000 	C:\Windows\system32\POWRPROF.dll
0x732a0000 - 0x732a5000 	C:\Windows\system32\MSIMG32.dll
0x66dc0000 - 0x66df0000 	C:\Windows\system32\DINPUT8.dll
0x66a40000 - 0x66ab9000 	C:\Windows\system32\mscms.dll
0x667d0000 - 0x66809000 	C:\Windows\SysWOW64\Dxtrans.dll
0x67f50000 - 0x67f64000 	C:\Windows\SysWOW64\ATL.DLL
0x66db0000 - 0x66dba000 	C:\Windows\SysWOW64\ddrawex.dll
0x64d80000 - 0x64e67000 	C:\Windows\SysWOW64\DDRAW.dll
0x6ef50000 - 0x6ef56000 	C:\Windows\SysWOW64\DCIMAN32.dll
0x740c0000 - 0x740c8000 	C:\Windows\system32\secur32.dll
0x736a0000 - 0x736d8000 	C:\Windows\system32\ncrypt.dll
0x73680000 - 0x73697000 	C:\Windows\system32\bcrypt.dll
0x73640000 - 0x7367d000 	C:\Windows\SysWOW64\bcryptprimitives.dll
0x73620000 - 0x73636000 	C:\Windows\system32\GPAPI.dll
0x0a400000 - 0x0a494000 	C:\Windows\system32\igdumdx32.dll
0x0a560000 - 0x0ab7d000 	C:\Windows\system32\igdumd32.dll
0x64d20000 - 0x64d77000 	C:\Windows\SysWOW64\Dxtmsft.dll
0x65850000 - 0x6587f000 	C:\Windows\system32\XmlLite.dll
0x64cf0000 - 0x64d20000 	C:\Windows\SysWOW64\iepeers.dll
0x61a40000 - 0x61b73000 	C:\Windows\System32\msxml3.dll
0x73930000 - 0x739c9000 	C:\Program Files (x86)\alipay\aliedit\5.1.0.3754\alidcp.dll
0x0e210000 - 0x0e2cc000 	C:\Program Files (x86)\alipay\aliedit\5.1.0.3754\aliedit.dll
0x73ed0000 - 0x73ee1000 	C:\Windows\system32\NETAPI32.dll
0x73ec0000 - 0x73ec9000 	C:\Windows\system32\netutils.dll
0x73ea0000 - 0x73eb9000 	C:\Windows\system32\srvcli.dll
0x73e90000 - 0x73e9f000 	C:\Windows\system32\wkscli.dll

VM Arguments:
jvm_args: -Dfile.encoding=UTF-8 
java_command: com.edaigou3.MainView
Launcher Type: SUN_STANDARD

Environment Variables:
JAVA_HOME=C:\Program Files\Java\jdk1.7.0_60
JRE_HOME=C:\Program Files\Java\jre7
PATH=C:\Windows\system32;C:\Windows;C:\Windows\System32\Wbem;C:\Windows\System32\WindowsPowerShell\v1.0\;C:\Program Files (x86)\IDM Computer Solutions\UltraEdit\
USERNAME=zoro
OS=Windows_NT
PROCESSOR_IDENTIFIER=Intel64 Family 6 Model 42 Stepping 7, GenuineIntel



---------------  S Y S T E M  ---------------

OS: Windows 7 , 64 bit Build 7600 

CPU:total 4 (2 cores per cpu, 2 threads per core) family 6 model 42 stepping 7, cmov, cx8, fxsr, mmx, sse, sse2, sse3, ssse3, sse4.1, sse4.2, popcnt, ht

Memory: 4k page, physical 4103408k(1375796k free), swap 8204912k(5070752k free)

vm_info: Java HotSpot(TM) Client VM (20.45-b01) for windows-x86 JRE (1.6.0_45-b06), built on Mar 26 2013 13:40:03 by "java_re" with MS VC++ 7.1 (VS2003)

time: Wed Apr 08 20:50:20 2015
elapsed time: 3149 seconds

