#
# A fatal error has been detected by the Java Runtime Environment:
#
#  EXCEPTION_ACCESS_VIOLATION (0xc0000005) at pc=0x63481023, pid=5280, tid=4644
#
# JRE version: 6.0_45-b06
# Java VM: Java HotSpot(TM) Client VM (20.45-b01 mixed mode, sharing windows-x86 )
# Problematic frame:
# C  [mshtml.dll+0x3d1023]
#
# If you would like to submit a bug report, please visit:
#   http://java.sun.com/webapps/bugreport/crash.jsp
# The crash happened outside the Java Virtual Machine in native code.
# See problematic frame for where to report the bug.
#

---------------  T H R E A D  ---------------

Current thread (0x0044e800):  JavaThread "main" [_thread_in_native, id=4644, stack(0x001c0000,0x00210000)]

siginfo: ExceptionCode=0xc0000005, reading address 0x0000005c

Registers:
EAX=0x00000000, EBX=0x00000000, ECX=0x1c6a0b08, EDX=0x6a000000
ESP=0x0020d85c, EBP=0x0020d884, ESI=0x00000000, EDI=0x1c94ee30
EIP=0x63481023, EFLAGS=0x00010246

Top of Stack: (sp=0x0020d85c)
0x0020d85c:   1c94ee30 00000000 1c6a0b08 00000000
0x0020d86c:   0020d854 00000000 0020d894 80004005
0x0020d87c:   00000000 00000000 0020d894 63480feb
0x0020d88c:   00000001 094a91b0 0020d8ac 63481855
0x0020d89c:   08c25d08 63113180 00000000 08c25d08
0x0020d8ac:   0020d8e8 63113160 00000000 08c25d08
0x0020d8bc:   00000014 1c6a6ca8 63205d3e 00000000
0x0020d8cc:   08c25d08 1c5a3128 0020f9cc 6321623e 

Instructions: (pc=0x63481023)
0x63481003:   48 20 53 33 db 56 89 5d f8 c7 45 f4 05 40 00 80
0x63481013:   89 5d ec 89 4d e0 89 5d fc e8 66 c3 de ff 8b f0
0x63481023:   8b 46 5c 89 75 e4 89 5d f0 3b c3 74 06 8b 40 0c
0x63481033:   89 45 f0 8b 47 14 8d 48 08 3b c3 75 03 8d 4f 0c 


Register to memory mapping:

EAX=0x00000000 is an unknown value
EBX=0x00000000 is an unknown value
ECX=0x1c6a0b08 is an unknown value
EDX=0x6a000000 is an unknown value
ESP=0x0020d85c is pointing into the stack for thread: 0x0044e800
EBP=0x0020d884 is pointing into the stack for thread: 0x0044e800
ESI=0x00000000 is an unknown value
EDI=0x1c94ee30 is an unknown value


Stack: [0x001c0000,0x00210000],  sp=0x0020d85c,  free space=310k
Native frames: (J=compiled Java code, j=interpreted, Vv=VM code, C=native code)
C  [mshtml.dll+0x3d1023]  IERegisterXMLNS+0x319a8
C  [mshtml.dll+0x3d0feb]  IERegisterXMLNS+0x31970
C  [mshtml.dll+0x3d1855]  IERegisterXMLNS+0x321da
C  [mshtml.dll+0x63160]  RunHTMLApplication+0x2922
C  [mshtml.dll+0x16625f]  DllGetClassObject+0x23d22
C  [mshtml.dll+0x16643e]  DllGetClassObject+0x23f01
C  [mshtml.dll+0x166b36]  DllGetClassObject+0x245f9
C  [mshtml.dll+0xa93b0]  RunHTMLApplication+0x48b72
C  [mshtml.dll+0x135337]  Ordinal104+0x3153
C  [mshtml.dll+0x1da352]  Ordinal103+0x57bed
C  [mshtml.dll+0x1c4757]  Ordinal103+0x41ff2
C  [USER32.dll+0x16238]  gapfnScSendMessage+0x270
C  [USER32.dll+0x168ea]  gapfnScSendMessage+0x922
C  [USER32.dll+0x17d31]  LoadStringW+0x11f
C  [USER32.dll+0x17dfa]  DispatchMessageW+0xf
C  [swt-win32-4332.dll+0x3afe]  Java_org_eclipse_swt_internal_win32_OS_DispatchMessageW+0x31
J  org.eclipse.swt.internal.win32.OS.DispatchMessageW(Lorg/eclipse/swt/internal/win32/MSG;)I
J  org.eclipse.swt.widgets.Display.readAndDispatch()Z
j  com.edaigou3.MainView.main([Ljava/lang/String;)V+9
v  ~StubRoutines::call_stub
V  [jvm.dll+0xfb88b]
V  [jvm.dll+0x18d551]
V  [jvm.dll+0xfb90d]
V  [jvm.dll+0x960f6]
V  [jvm.dll+0x9df33]
C  [javaw.exe+0x2155]
C  [javaw.exe+0x8624]
C  [kernel32.dll+0x13677]  BaseThreadInitThunk+0x12
C  [ntdll.dll+0x39f42]  RtlInitializeExceptionChain+0x63
C  [ntdll.dll+0x39f15]  RtlInitializeExceptionChain+0x36

Java frames: (J=compiled Java code, j=interpreted, Vv=VM code)
J  org.eclipse.swt.internal.win32.OS.DispatchMessageW(Lorg/eclipse/swt/internal/win32/MSG;)I
J  org.eclipse.swt.widgets.Display.readAndDispatch()Z
J  com.edaigou3.view.base.IMainView.open()V
j  com.edaigou3.view.base.IMainView.load()V+20
j  com.edaigou3.MainView.main([Ljava/lang/String;)V+9
v  ~StubRoutines::call_stub

---------------  P R O C E S S  ---------------

Java Threads: ( => current thread )
  0x052e4800 JavaThread "AWT-Windows" daemon [_thread_in_native, id=5376, stack(0x07810000,0x07860000)]
  0x04bd1800 JavaThread "Java2D Disposer" daemon [_thread_blocked, id=5944, stack(0x076f0000,0x07740000)]
  0x04c26800 JavaThread "Abandoned connection cleanup thread" daemon [_thread_blocked, id=4720, stack(0x05270000,0x052c0000)]
  0x04bf5800 JavaThread "C3P0PooledConnectionPoolManager[identityToken->1hge15w98hn5v8dclcyao|1f78b68]-HelperThread-#2" daemon [_thread_blocked, id=5444, stack(0x051e0000,0x05230000)]
  0x04bf1800 JavaThread "C3P0PooledConnectionPoolManager[identityToken->1hge15w98hn5v8dclcyao|1f78b68]-HelperThread-#1" daemon [_thread_blocked, id=5804, stack(0x05150000,0x051a0000)]
  0x04bf1400 JavaThread "C3P0PooledConnectionPoolManager[identityToken->1hge15w98hn5v8dclcyao|1f78b68]-HelperThread-#0" daemon [_thread_blocked, id=5036, stack(0x05100000,0x05150000)]
  0x04beec00 JavaThread "C3P0PooledConnectionPoolManager[identityToken->1hge15w98hn5v8dclcyao|1f78b68]-AdminTaskTimer" daemon [_thread_blocked, id=6120, stack(0x04ff0000,0x05040000)]
  0x004ce800 JavaThread "Low Memory Detector" daemon [_thread_blocked, id=6060, stack(0x045e0000,0x04630000)]
  0x004c3400 JavaThread "C1 CompilerThread0" daemon [_thread_blocked, id=1904, stack(0x04550000,0x045a0000)]
  0x004c2c00 JavaThread "Attach Listener" daemon [_thread_blocked, id=5800, stack(0x044c0000,0x04510000)]
  0x004c0400 JavaThread "Signal Dispatcher" daemon [_thread_blocked, id=2784, stack(0x04430000,0x04480000)]
  0x004ad400 JavaThread "Finalizer" daemon [_thread_blocked, id=4516, stack(0x043a0000,0x043f0000)]
  0x004ab800 JavaThread "Reference Handler" daemon [_thread_blocked, id=6064, stack(0x04310000,0x04360000)]
=>0x0044e800 JavaThread "main" [_thread_in_native, id=4644, stack(0x001c0000,0x00210000)]

Other Threads:
  0x0046f000 VMThread [stack: 0x04280000,0x042d0000] [id=4296]
  0x004d7400 WatcherThread [stack: 0x04670000,0x046c0000] [id=568]

VM state:not at safepoint (normal execution)

VM Mutex/Monitor currently owned by a thread: None

Heap
 def new generation   total 5568K, used 1302K [0x229f0000, 0x22ff0000, 0x27f40000)
  eden space 4992K,  25% used [0x229f0000, 0x22b2f860, 0x22ed0000)
  from space 576K,   4% used [0x22ed0000, 0x22ed6158, 0x22f60000)
  to   space 576K,   0% used [0x22f60000, 0x22f60000, 0x22ff0000)
 tenured generation   total 12176K, used 8895K [0x27f40000, 0x28b24000, 0x329f0000)
   the space 12176K,  73% used [0x27f40000, 0x287efe00, 0x287efe00, 0x28b24000)
 compacting perm gen  total 20224K, used 20132K [0x329f0000, 0x33db0000, 0x369f0000)
   the space 20224K,  99% used [0x329f0000, 0x33d99080, 0x33d99200, 0x33db0000)
    ro space 10240K,  55% used [0x369f0000, 0x36f73dd8, 0x36f73e00, 0x373f0000)
    rw space 12288K,  55% used [0x373f0000, 0x37a96cd0, 0x37a96e00, 0x37ff0000)

Code Cache  [0x02240000, 0x02650000, 0x04240000)
 total_blobs=1861 nmethods=1643 adapters=151 free_code_cache=29301760 largest_free_block=256

Dynamic libraries:
0x00400000 - 0x00425000 	C:\Users\zoro\Desktop\jdk1.6.0_45\bin\javaw.exe
0x772b0000 - 0x77430000 	C:\Windows\SysWOW64\ntdll.dll
0x752e0000 - 0x753f0000 	C:\Windows\syswow64\kernel32.dll
0x75de0000 - 0x75e27000 	C:\Windows\syswow64\KERNELBASE.dll
0x754a0000 - 0x75540000 	C:\Windows\syswow64\ADVAPI32.dll
0x76d00000 - 0x76dac000 	C:\Windows\syswow64\msvcrt.dll
0x75480000 - 0x75499000 	C:\Windows\SysWOW64\sechost.dll
0x74e70000 - 0x74f60000 	C:\Windows\syswow64\RPCRT4.dll
0x74e10000 - 0x74e70000 	C:\Windows\syswow64\SspiCli.dll
0x74e00000 - 0x74e0c000 	C:\Windows\syswow64\CRYPTBASE.dll
0x76db0000 - 0x76eb0000 	C:\Windows\syswow64\USER32.dll
0x74f60000 - 0x74ff0000 	C:\Windows\syswow64\GDI32.dll
0x77280000 - 0x7728a000 	C:\Windows\syswow64\LPK.dll
0x757a0000 - 0x7583d000 	C:\Windows\syswow64\USP10.dll
0x75180000 - 0x751e0000 	C:\Windows\system32\IMM32.DLL
0x750b0000 - 0x7517c000 	C:\Windows\syswow64\MSCTF.dll
0x7c340000 - 0x7c396000 	C:\Users\zoro\Desktop\jdk1.6.0_45\jre\bin\msvcr71.dll
0x6d8e0000 - 0x6db90000 	C:\Users\zoro\Desktop\jdk1.6.0_45\jre\bin\client\jvm.dll
0x74550000 - 0x74582000 	C:\Windows\system32\WINMM.dll
0x72000000 - 0x7204b000 	C:\Windows\system32\apphelp.dll
0x6d890000 - 0x6d89c000 	C:\Users\zoro\Desktop\jdk1.6.0_45\jre\bin\verify.dll
0x6d3e0000 - 0x6d3ff000 	C:\Users\zoro\Desktop\jdk1.6.0_45\jre\bin\java.dll
0x6d8d0000 - 0x6d8df000 	C:\Users\zoro\Desktop\jdk1.6.0_45\jre\bin\zip.dll
0x6d6c0000 - 0x6d6d3000 	C:\Users\zoro\Desktop\jdk1.6.0_45\jre\bin\net.dll
0x75760000 - 0x75795000 	C:\Windows\syswow64\WS2_32.dll
0x75b40000 - 0x75b46000 	C:\Windows\syswow64\NSI.dll
0x724e0000 - 0x7251c000 	C:\Windows\system32\mswsock.dll
0x72540000 - 0x72546000 	C:\Windows\System32\wship6.dll
0x72520000 - 0x72530000 	C:\Windows\system32\NLAapi.dll
0x73060000 - 0x730a4000 	C:\Windows\system32\DNSAPI.dll
0x724d0000 - 0x724d8000 	C:\Windows\System32\winrnr.dll
0x724c0000 - 0x724d0000 	C:\Windows\system32\napinsp.dll
0x724a0000 - 0x724b2000 	C:\Windows\system32\pnrpnsp.dll
0x72490000 - 0x7249d000 	C:\Windows\system32\wshbth.dll
0x72620000 - 0x72625000 	C:\Windows\System32\wshtcpip.dll
0x74740000 - 0x7475c000 	C:\Windows\system32\IPHLPAPI.DLL
0x74730000 - 0x74737000 	C:\Windows\system32\WINNSI.DLL
0x72a50000 - 0x72a56000 	C:\Windows\system32\rasadhlp.dll
0x71f30000 - 0x71f68000 	C:\Windows\System32\fwpuclnt.dll
0x72d40000 - 0x72d56000 	C:\Windows\system32\CRYPTSP.dll
0x72ca0000 - 0x72cdb000 	C:\Windows\system32\rsaenh.dll
0x74d00000 - 0x74d17000 	C:\Windows\system32\USERENV.dll
0x74cf0000 - 0x74cfb000 	C:\Windows\system32\profapi.dll
0x6d610000 - 0x6d619000 	C:\Users\zoro\Desktop\jdk1.6.0_45\jre\bin\management.dll
0x10000000 - 0x10070000 	C:\Users\zoro\.swt\lib\win32\x86\swt-win32-4332.dll
0x76b10000 - 0x76c6c000 	C:\Windows\syswow64\ole32.dll
0x75660000 - 0x756ef000 	C:\Windows\syswow64\OLEAUT32.dll
0x74ff0000 - 0x7506b000 	C:\Windows\syswow64\comdlg32.dll
0x76ca0000 - 0x76cf7000 	C:\Windows\syswow64\SHLWAPI.dll
0x72df0000 - 0x72f8e000 	C:\Windows\WinSxS\x86_microsoft.windows.common-controls_6595b64144ccf1df_6.0.7600.16661_none_420fe3fa2b8113bd\COMCTL32.dll
0x75e60000 - 0x76aa9000 	C:\Windows\syswow64\SHELL32.dll
0x721c0000 - 0x72211000 	C:\Windows\system32\WINSPOOL.DRV
0x751e0000 - 0x752d5000 	C:\Windows\syswow64\WININET.dll
0x759e0000 - 0x75b16000 	C:\Windows\syswow64\urlmon.dll
0x75540000 - 0x7565c000 	C:\Windows\syswow64\CRYPT32.dll
0x76ab0000 - 0x76abc000 	C:\Windows\syswow64\MSASN1.dll
0x75be0000 - 0x75ddf000 	C:\Windows\syswow64\iertutil.dll
0x72b40000 - 0x72c35000 	C:\Windows\system32\propsys.dll
0x753f0000 - 0x75473000 	C:\Windows\syswow64\CLBCatQ.DLL
0x70480000 - 0x70500000 	C:\Windows\system32\uxtheme.dll
0x74130000 - 0x7416c000 	C:\Windows\system32\oleacc.dll
0x63680000 - 0x64106000 	C:\Windows\SysWOW64\ieframe.dll
0x756f0000 - 0x756f5000 	C:\Windows\syswow64\PSAPI.DLL
0x6e6d0000 - 0x6e72f000 	C:\Windows\system32\SXS.DLL
0x731e0000 - 0x731ee000 	C:\Windows\system32\RpcRtRemote.dll
0x6e640000 - 0x6e6c7000 	C:\Users\zoro\AppData\Roaming\TaobaoProtect\TaobaoProtectSE.dll
0x74d30000 - 0x74d39000 	C:\Windows\system32\VERSION.dll
0x74920000 - 0x7494b000 	C:\Program Files (x86)\Internet Explorer\ieproxy.dll
0x6d0b0000 - 0x6d1fc000 	C:\Users\zoro\Desktop\jdk1.6.0_45\jre\bin\awt.dll
0x6ee80000 - 0x6ee93000 	C:\Windows\system32\DWMAPI.DLL
0x6ad30000 - 0x6ad5e000 	C:\Windows\system32\mlang.dll
0x630b0000 - 0x63674000 	C:\Windows\SysWOW64\mshtml.dll
0x6cfc0000 - 0x6cfea000 	C:\Windows\SysWOW64\msls31.dll
0x72440000 - 0x72461000 	C:\Windows\system32\ntmarta.dll
0x76ac0000 - 0x76b05000 	C:\Windows\syswow64\WLDAP32.dll
0x07790000 - 0x0779b000 	C:\Windows\system32\msimtf.dll
0x6c730000 - 0x6c769000 	C:\Windows\system32\MMDevAPI.DLL
0x72250000 - 0x722a2000 	C:\Windows\system32\RASAPI32.dll
0x725e0000 - 0x725f5000 	C:\Windows\system32\rasman.dll
0x72fd0000 - 0x72fdd000 	C:\Windows\system32\rtutils.dll
0x6cf90000 - 0x6cfc0000 	C:\Windows\system32\wdmaud.drv
0x74910000 - 0x74914000 	C:\Windows\system32\ksuser.dll
0x6ca90000 - 0x6ca97000 	C:\Windows\system32\AVRT.dll
0x72c40000 - 0x72c46000 	C:\Windows\system32\sensapi.dll
0x75840000 - 0x759dd000 	C:\Windows\syswow64\SETUPAPI.dll
0x76c70000 - 0x76c97000 	C:\Windows\syswow64\CFGMGR32.dll
0x75b20000 - 0x75b32000 	C:\Windows\syswow64\DEVOBJ.dll
0x6c770000 - 0x6c7a6000 	C:\Windows\system32\AUDIOSES.DLL
0x73900000 - 0x73909000 	C:\Windows\system32\dsrole.dll
0x750a0000 - 0x750a3000 	C:\Windows\syswow64\Normaliz.dll
0x08990000 - 0x08998000 	C:\Windows\system32\msacm32.drv
0x6cc60000 - 0x6cc74000 	C:\Windows\system32\MSACM32.dll
0x089a0000 - 0x089a7000 	C:\Windows\system32\midimap.dll
0x6a2e0000 - 0x6a392000 	C:\Windows\SysWOW64\jscript.dll
0x6cf80000 - 0x6cf8b000 	C:\Windows\system32\ImgUtil.dll
0x6cc50000 - 0x6cc5e000 	C:\Windows\SysWOW64\pngfilt.dll
0x71f20000 - 0x71f25000 	C:\Windows\system32\msimg32.dll
0x61f80000 - 0x630a2000 	C:\Windows\SysWOW64\Macromed\Flash\Flash32_17_0_0_134.ocx
0x6acb0000 - 0x6ad22000 	C:\Windows\system32\DSOUND.dll
0x73ba0000 - 0x73bc5000 	C:\Windows\system32\POWRPROF.dll
0x6ad60000 - 0x6ad90000 	C:\Windows\system32\DINPUT8.dll
0x6a3a0000 - 0x6a419000 	C:\Windows\system32\mscms.dll
0x6a2a0000 - 0x6a2d9000 	C:\Windows\SysWOW64\Dxtrans.dll
0x701e0000 - 0x701f4000 	C:\Windows\SysWOW64\ATL.DLL
0x6ca80000 - 0x6ca8a000 	C:\Windows\SysWOW64\ddrawex.dll
0x6a080000 - 0x6a167000 	C:\Windows\SysWOW64\DDRAW.dll
0x6c1d0000 - 0x6c1d6000 	C:\Windows\SysWOW64\DCIMAN32.dll
0x0ab60000 - 0x0abf4000 	C:\Windows\system32\igdumdx32.dll
0x0bc70000 - 0x0c28d000 	C:\Windows\system32\igdumd32.dll
0x6a020000 - 0x6a077000 	C:\Windows\SysWOW64\Dxtmsft.dll
0x6a1b0000 - 0x6a1ff000 	C:\Program Files (x86)\AliWorkbench\2.08.02N\AliIMX.dll
0x722b0000 - 0x72440000 	C:\Windows\WinSxS\x86_microsoft.windows.gdiplus_6595b64144ccf1df_1.1.7600.17007_none_72f44f3186198a88\gdiplus.dll
0x6f180000 - 0x6f1af000 	C:\Windows\system32\XmlLite.dll
0x73120000 - 0x73128000 	C:\Windows\system32\Secur32.dll
0x71ff0000 - 0x71ff8000 	C:\Windows\system32\credssp.dll
0x73b60000 - 0x73b9a000 	C:\Windows\SysWOW64\schannel.dll
0x68d10000 - 0x68ddc000 	C:\Windows\system32\D3DIM700.DLL
0x6a000000 - 0x6a01e000 	C:\Windows\system32\T2EMBED.DLL

VM Arguments:
jvm_args: -Dfile.encoding=UTF-8 
java_command: com.edaigou3.MainView
Launcher Type: SUN_STANDARD

Environment Variables:
JAVA_HOME=C:\Program Files\Java\jdk1.7.0_60
JRE_HOME=C:\Program Files\Java\jre7
PATH=C:\Windows\system32;C:\Windows;C:\Windows\System32\Wbem;C:\Windows\System32\WindowsPowerShell\v1.0\;C:\Program Files (x86)\IDM Computer Solutions\UltraEdit\
USERNAME=zoro
OS=Windows_NT
PROCESSOR_IDENTIFIER=Intel64 Family 6 Model 42 Stepping 7, GenuineIntel



---------------  S Y S T E M  ---------------

OS: Windows 7 , 64 bit Build 7600 

CPU:total 4 (2 cores per cpu, 2 threads per core) family 6 model 42 stepping 7, cmov, cx8, fxsr, mmx, sse, sse2, sse3, ssse3, sse4.1, sse4.2, popcnt, ht

Memory: 4k page, physical 4103408k(2057764k free), swap 8204912k(5050976k free)

vm_info: Java HotSpot(TM) Client VM (20.45-b01) for windows-x86 JRE (1.6.0_45-b06), built on Mar 26 2013 13:40:03 by "java_re" with MS VC++ 7.1 (VS2003)

time: Sun Mar 22 11:59:57 2015
elapsed time: 826 seconds

