#
# A fatal error has been detected by the Java Runtime Environment:
#
#  EXCEPTION_ACCESS_VIOLATION (0xc0000005) at pc=0x6632d4b3, pid=4688, tid=4084
#
# JRE version: 6.0_45-b06
# Java VM: Java HotSpot(TM) Client VM (20.45-b01 mixed mode, sharing windows-x86 )
# Problematic frame:
# C  [mshtml.dll+0x6d4b3]
#
# If you would like to submit a bug report, please visit:
#   http://java.sun.com/webapps/bugreport/crash.jsp
# The crash happened outside the Java Virtual Machine in native code.
# See problematic frame for where to report the bug.
#

---------------  T H R E A D  ---------------

Current thread (0x0206e800):  JavaThread "main" [_thread_in_native, id=4084, stack(0x001c0000,0x00210000)]

siginfo: ExceptionCode=0xc0000005, reading address 0x0000001c

Registers:
EAX=0x00000000, EBX=0x0f224f10, ECX=0x00000000, EDX=0x00000000
ESP=0x0020f274, EBP=0x0020f284, ESI=0x0020f2b8, EDI=0x00000000
EIP=0x6632d4b3, EFLAGS=0x00010246

Top of Stack: (sp=0x0020f274)
0x0020f274:   6632d4f4 0020f280 0020f2b8 00000000
0x0020f284:   0020f2a4 66331fee 0f224f10 0061b788
0x0020f294:   0f224f10 0000005a 00000000 0000005a
0x0020f2a4:   0020f550 664a62b9 0f224f10 0061b788
0x0020f2b4:   0f224f10 00000000 00000000 00000000
0x0020f2c4:   00000000 00000000 00000000 00000000
0x0020f2d4:   00000000 00000000 00000000 00000000
0x0020f2e4:   00000000 00000000 00000000 00000000 

Instructions: (pc=0x6632d4b3)
0x6632d493:   51 56 8b c2 e8 8f 44 07 00 89 42 18 e9 25 5b 07
0x6632d4a3:   00 90 90 90 90 90 8b 40 4c eb 05 90 90 90 90 90
0x6632d4b3:   8b 40 1c 83 e0 fc 8b 40 04 c3 e8 0a 00 00 00 e9
0x6632d4c3:   6a fd 1a 00 90 90 90 90 90 8b ff 8b 40 04 f6 40 


Register to memory mapping:

EAX=0x00000000 is an unknown value
EBX=0x0f224f10 is an unknown value
ECX=0x00000000 is an unknown value
EDX=0x00000000 is an unknown value
ESP=0x0020f274 is pointing into the stack for thread: 0x0206e800
EBP=0x0020f284 is pointing into the stack for thread: 0x0206e800
ESI=0x0020f2b8 is pointing into the stack for thread: 0x0206e800
EDI=0x00000000 is an unknown value


Stack: [0x001c0000,0x00210000],  sp=0x0020f274,  free space=316k
Native frames: (J=compiled Java code, j=interpreted, Vv=VM code, C=native code)
C  [mshtml.dll+0x6d4b3]  RunHTMLApplication+0xcc75
C  [mshtml.dll+0x71fee]  RunHTMLApplication+0x117b0
C  [mshtml.dll+0x1e62b9]  Ordinal103+0x63b54
C  [mshtml.dll+0x1eab15]  Ordinal103+0x683b0
C  [mshtml.dll+0x1eaad5]  Ordinal103+0x68370
C  [mshtml.dll+0x1eaabc]  Ordinal103+0x68357
C  [mshtml.dll+0x1a31b]
C  [mshtml.dll+0x1a261]
C  [mshtml.dll+0x17ac1b]  DllGetClassObject+0x386de
C  [mshtml.dll+0x17ac5c]  DllGetClassObject+0x3871f
C  [mshtml.dll+0x22e676]  DllCanUnloadNow+0x6ed4
C  [mshtml.dll+0x1fb0f0]  Ordinal103+0x7898b
C  [mshtml.dll+0x1b77e8]  Ordinal103+0x35083
C  [USER32.dll+0x16238]  gapfnScSendMessage+0x270
C  [USER32.dll+0x168ea]  gapfnScSendMessage+0x922
C  [USER32.dll+0x17d31]  LoadStringW+0x11f
C  [USER32.dll+0x17dfa]  DispatchMessageW+0xf
C  [swt-win32-4332.dll+0x3afe]  Java_org_eclipse_swt_internal_win32_OS_DispatchMessageW+0x31
J  org.eclipse.swt.internal.win32.OS.DispatchMessageW(Lorg/eclipse/swt/internal/win32/MSG;)I
J  org.eclipse.swt.widgets.Display.readAndDispatch()Z
j  com.edaigou3.MainView.main([Ljava/lang/String;)V+9
v  ~StubRoutines::call_stub
V  [jvm.dll+0xfb88b]
V  [jvm.dll+0x18d551]
V  [jvm.dll+0xfb90d]
V  [jvm.dll+0x960f6]
V  [jvm.dll+0x9df33]
C  [javaw.exe+0x2155]
C  [javaw.exe+0x8624]
C  [kernel32.dll+0x13677]  BaseThreadInitThunk+0x12
C  [ntdll.dll+0x39f42]  RtlInitializeExceptionChain+0x63
C  [ntdll.dll+0x39f15]  RtlInitializeExceptionChain+0x36

Java frames: (J=compiled Java code, j=interpreted, Vv=VM code)
J  org.eclipse.swt.internal.win32.OS.DispatchMessageW(Lorg/eclipse/swt/internal/win32/MSG;)I
J  org.eclipse.swt.widgets.Display.readAndDispatch()Z
J  com.edaigou3.view.base.IMainView.open()V
j  com.edaigou3.view.base.IMainView.load()V+20
j  com.edaigou3.MainView.main([Ljava/lang/String;)V+9
v  ~StubRoutines::call_stub

---------------  P R O C E S S  ---------------

Java Threads: ( => current thread )
  0x04ba6400 JavaThread "AWT-Windows" daemon [_thread_in_native, id=4140, stack(0x07740000,0x07790000)]
  0x04ba5800 JavaThread "Java2D Disposer" daemon [_thread_blocked, id=4132, stack(0x07620000,0x07670000)]
  0x04ba5000 JavaThread "Abandoned connection cleanup thread" daemon [_thread_blocked, id=1376, stack(0x052a0000,0x052f0000)]
  0x04ba4c00 JavaThread "C3P0PooledConnectionPoolManager[identityToken->1hge1369a1egejv4t7cv36|5dc994]-HelperThread-#2" daemon [_thread_blocked, id=1156, stack(0x05210000,0x05260000)]
  0x04ba4400 JavaThread "C3P0PooledConnectionPoolManager[identityToken->1hge1369a1egejv4t7cv36|5dc994]-HelperThread-#1" daemon [_thread_blocked, id=4128, stack(0x05180000,0x051d0000)]
  0x04ba4000 JavaThread "C3P0PooledConnectionPoolManager[identityToken->1hge1369a1egejv4t7cv36|5dc994]-HelperThread-#0" daemon [_thread_blocked, id=3176, stack(0x050f0000,0x05140000)]
  0x04ba3800 JavaThread "C3P0PooledConnectionPoolManager[identityToken->1hge1369a1egejv4t7cv36|5dc994]-AdminTaskTimer" daemon [_thread_blocked, id=2564, stack(0x05060000,0x050b0000)]
  0x020e8400 JavaThread "Low Memory Detector" daemon [_thread_blocked, id=4820, stack(0x04600000,0x04650000)]
  0x020dcc00 JavaThread "C1 CompilerThread0" daemon [_thread_blocked, id=2268, stack(0x04570000,0x045c0000)]
  0x020dbc00 JavaThread "Attach Listener" daemon [_thread_blocked, id=688, stack(0x044e0000,0x04530000)]
  0x020d8c00 JavaThread "Signal Dispatcher" daemon [_thread_blocked, id=3836, stack(0x04450000,0x044a0000)]
  0x020cd400 JavaThread "Finalizer" daemon [_thread_blocked, id=4464, stack(0x043c0000,0x04410000)]
  0x020cb800 JavaThread "Reference Handler" daemon [_thread_blocked, id=3984, stack(0x04330000,0x04380000)]
=>0x0206e800 JavaThread "main" [_thread_in_native, id=4084, stack(0x001c0000,0x00210000)]

Other Threads:
  0x0208f000 VMThread [stack: 0x042a0000,0x042f0000] [id=2220]
  0x020f9c00 WatcherThread [stack: 0x04690000,0x046e0000] [id=2560]

VM state:not at safepoint (normal execution)

VM Mutex/Monitor currently owned by a thread: None

Heap
 def new generation   total 7808K, used 5128K [0x229f0000, 0x23260000, 0x27f40000)
  eden space 6976K,  69% used [0x229f0000, 0x22eae060, 0x230c0000)
  from space 832K,  32% used [0x230c0000, 0x23104158, 0x23190000)
  to   space 832K,   0% used [0x23190000, 0x23190000, 0x23260000)
 tenured generation   total 17212K, used 8476K [0x27f40000, 0x2900f000, 0x329f0000)
   the space 17212K,  49% used [0x27f40000, 0x28787078, 0x28787200, 0x2900f000)
 compacting perm gen  total 20480K, used 20441K [0x329f0000, 0x33df0000, 0x369f0000)
   the space 20480K,  99% used [0x329f0000, 0x33de64d0, 0x33de6600, 0x33df0000)
    ro space 10240K,  55% used [0x369f0000, 0x36f73dd8, 0x36f73e00, 0x373f0000)
    rw space 12288K,  55% used [0x373f0000, 0x37a96cd0, 0x37a96e00, 0x37ff0000)

Code Cache  [0x02240000, 0x027c8000, 0x04240000)
 total_blobs=2473 nmethods=2255 adapters=151 free_code_cache=27779200 largest_free_block=384

Dynamic libraries:
0x00400000 - 0x00425000 	C:\Users\zoro\Desktop\jdk1.6.0_45\bin\javaw.exe
0x77a00000 - 0x77b80000 	C:\Windows\SysWOW64\ntdll.dll
0x76470000 - 0x76580000 	C:\Windows\syswow64\kernel32.dll
0x75fd0000 - 0x76017000 	C:\Windows\syswow64\KERNELBASE.dll
0x76130000 - 0x761d0000 	C:\Windows\syswow64\ADVAPI32.dll
0x75dc0000 - 0x75e6c000 	C:\Windows\syswow64\msvcrt.dll
0x75960000 - 0x75979000 	C:\Windows\SysWOW64\sechost.dll
0x762f0000 - 0x763e0000 	C:\Windows\syswow64\RPCRT4.dll
0x75560000 - 0x755c0000 	C:\Windows\syswow64\SspiCli.dll
0x75550000 - 0x7555c000 	C:\Windows\syswow64\CRYPTBASE.dll
0x75ad0000 - 0x75bd0000 	C:\Windows\syswow64\USER32.dll
0x77320000 - 0x773b0000 	C:\Windows\syswow64\GDI32.dll
0x773b0000 - 0x773ba000 	C:\Windows\syswow64\LPK.dll
0x76080000 - 0x7611d000 	C:\Windows\syswow64\USP10.dll
0x75650000 - 0x756b0000 	C:\Windows\system32\IMM32.DLL
0x75e70000 - 0x75f3c000 	C:\Windows\syswow64\MSCTF.dll
0x7c340000 - 0x7c396000 	C:\Users\zoro\Desktop\jdk1.6.0_45\jre\bin\msvcr71.dll
0x6d8e0000 - 0x6db90000 	C:\Users\zoro\Desktop\jdk1.6.0_45\jre\bin\client\jvm.dll
0x74cd0000 - 0x74d02000 	C:\Windows\system32\WINMM.dll
0x72770000 - 0x727bb000 	C:\Windows\system32\apphelp.dll
0x6d890000 - 0x6d89c000 	C:\Users\zoro\Desktop\jdk1.6.0_45\jre\bin\verify.dll
0x6d3e0000 - 0x6d3ff000 	C:\Users\zoro\Desktop\jdk1.6.0_45\jre\bin\java.dll
0x6d8d0000 - 0x6d8df000 	C:\Users\zoro\Desktop\jdk1.6.0_45\jre\bin\zip.dll
0x6d6c0000 - 0x6d6d3000 	C:\Users\zoro\Desktop\jdk1.6.0_45\jre\bin\net.dll
0x773c0000 - 0x773f5000 	C:\Windows\syswow64\WS2_32.dll
0x76580000 - 0x76586000 	C:\Windows\syswow64\NSI.dll
0x73430000 - 0x7346c000 	C:\Windows\system32\mswsock.dll
0x72810000 - 0x72816000 	C:\Windows\System32\wship6.dll
0x72a70000 - 0x72a80000 	C:\Windows\system32\NLAapi.dll
0x737b0000 - 0x737f4000 	C:\Windows\system32\DNSAPI.dll
0x72a60000 - 0x72a68000 	C:\Windows\System32\winrnr.dll
0x72a50000 - 0x72a60000 	C:\Windows\system32\napinsp.dll
0x72a30000 - 0x72a42000 	C:\Windows\system32\pnrpnsp.dll
0x72a20000 - 0x72a2d000 	C:\Windows\system32\wshbth.dll
0x72820000 - 0x72825000 	C:\Windows\System32\wshtcpip.dll
0x74e90000 - 0x74eac000 	C:\Windows\system32\IPHLPAPI.DLL
0x74e80000 - 0x74e87000 	C:\Windows\system32\WINNSI.DLL
0x72800000 - 0x72806000 	C:\Windows\system32\rasadhlp.dll
0x727c0000 - 0x727f8000 	C:\Windows\System32\fwpuclnt.dll
0x72f50000 - 0x72f66000 	C:\Windows\system32\CRYPTSP.dll
0x72e50000 - 0x72e8b000 	C:\Windows\system32\rsaenh.dll
0x750a0000 - 0x750b7000 	C:\Windows\system32\USERENV.dll
0x75090000 - 0x7509b000 	C:\Windows\system32\profapi.dll
0x6d610000 - 0x6d619000 	C:\Users\zoro\Desktop\jdk1.6.0_45\jre\bin\management.dll
0x10000000 - 0x10070000 	C:\Users\zoro\.swt\lib\win32\x86\swt-win32-4332.dll
0x75be0000 - 0x75d3c000 	C:\Windows\syswow64\ole32.dll
0x763e0000 - 0x7646f000 	C:\Windows\syswow64\OLEAUT32.dll
0x758e0000 - 0x7595b000 	C:\Windows\syswow64\comdlg32.dll
0x756e0000 - 0x75737000 	C:\Windows\syswow64\SHLWAPI.dll
0x73540000 - 0x736de000 	C:\Windows\WinSxS\x86_microsoft.windows.common-controls_6595b64144ccf1df_6.0.7600.16661_none_420fe3fa2b8113bd\COMCTL32.dll
0x76590000 - 0x771d9000 	C:\Windows\syswow64\SHELL32.dll
0x72d20000 - 0x72d71000 	C:\Windows\system32\WINSPOOL.DRV
0x761f0000 - 0x762e5000 	C:\Windows\syswow64\WININET.dll
0x771e0000 - 0x77316000 	C:\Windows\syswow64\urlmon.dll
0x759b0000 - 0x75acc000 	C:\Windows\syswow64\CRYPT32.dll
0x75bd0000 - 0x75bdc000 	C:\Windows\syswow64\MSASN1.dll
0x77400000 - 0x775ff000 	C:\Windows\syswow64\iertutil.dll
0x73310000 - 0x73405000 	C:\Windows\system32\propsys.dll
0x75f40000 - 0x75fc3000 	C:\Windows\syswow64\CLBCatQ.DLL
0x71540000 - 0x715c0000 	C:\Windows\system32\uxtheme.dll
0x70d80000 - 0x70dbc000 	C:\Windows\system32\oleacc.dll
0x6bbd0000 - 0x6c656000 	C:\Windows\SysWOW64\ieframe.dll
0x779d0000 - 0x779d5000 	C:\Windows\syswow64\PSAPI.DLL
0x6f070000 - 0x6f0cf000 	C:\Windows\system32\SXS.DLL
0x74cc0000 - 0x74cce000 	C:\Windows\system32\RpcRtRemote.dll
0x70910000 - 0x709a3000 	C:\Users\zoro\AppData\Roaming\TaobaoProtect\TaobaoProtectSE.dll
0x750d0000 - 0x750d9000 	C:\Windows\system32\VERSION.dll
0x73ad0000 - 0x73ad3000 	C:\Windows\system32\sfc.dll
0x73ac0000 - 0x73acd000 	C:\Windows\system32\sfc_os.DLL
0x6d0b0000 - 0x6d1fc000 	C:\Users\zoro\Desktop\jdk1.6.0_45\jre\bin\awt.dll
0x6ff90000 - 0x6ffa3000 	C:\Windows\system32\DWMAPI.DLL
0x71c00000 - 0x71c2e000 	C:\Windows\system32\mlang.dll
0x662c0000 - 0x66884000 	C:\Windows\SysWOW64\mshtml.dll
0x71630000 - 0x7165a000 	C:\Windows\SysWOW64\msls31.dll
0x729f0000 - 0x72a11000 	C:\Windows\system32\ntmarta.dll
0x75d40000 - 0x75d85000 	C:\Windows\syswow64\WLDAP32.dll
0x71bd0000 - 0x71bdb000 	C:\Windows\system32\msimtf.dll
0x70b40000 - 0x70b92000 	C:\Windows\system32\RASAPI32.dll
0x71cf0000 - 0x71d05000 	C:\Windows\system32\rasman.dll
0x73720000 - 0x7372d000 	C:\Windows\system32\rtutils.dll
0x6d330000 - 0x6d369000 	C:\Windows\system32\MMDevAPI.DLL
0x72e90000 - 0x72e96000 	C:\Windows\system32\sensapi.dll
0x71600000 - 0x71630000 	C:\Windows\system32\wdmaud.drv
0x6ff40000 - 0x6ff44000 	C:\Windows\system32\ksuser.dll
0x6e4e0000 - 0x6e4e7000 	C:\Windows\system32\AVRT.dll
0x75740000 - 0x758dd000 	C:\Windows\syswow64\SETUPAPI.dll
0x75980000 - 0x759a7000 	C:\Windows\syswow64\CFGMGR32.dll
0x761d0000 - 0x761e2000 	C:\Windows\syswow64\DEVOBJ.dll
0x72620000 - 0x72629000 	C:\Windows\system32\dsrole.dll
0x08720000 - 0x08756000 	C:\Windows\system32\AUDIOSES.DLL
0x76120000 - 0x76123000 	C:\Windows\syswow64\Normaliz.dll
0x71bb0000 - 0x71bb8000 	C:\Windows\system32\msacm32.drv
0x716e0000 - 0x716f4000 	C:\Windows\system32\MSACM32.dll
0x715f0000 - 0x715f7000 	C:\Windows\system32\midimap.dll
0x70660000 - 0x70712000 	C:\Windows\SysWOW64\jscript.dll
0x715c0000 - 0x715ef000 	C:\Windows\system32\XmlLite.dll
0x70630000 - 0x7063b000 	C:\Windows\system32\ImgUtil.dll
0x70620000 - 0x7062e000 	C:\Windows\SysWOW64\pngfilt.dll
0x705e0000 - 0x70619000 	C:\Windows\SysWOW64\Dxtrans.dll
0x704b0000 - 0x704c4000 	C:\Windows\SysWOW64\ATL.DLL
0x704a0000 - 0x704aa000 	C:\Windows\SysWOW64\ddrawex.dll
0x6e840000 - 0x6e927000 	C:\Windows\SysWOW64\DDRAW.dll
0x701d0000 - 0x701d6000 	C:\Windows\SysWOW64\DCIMAN32.dll
0x0b650000 - 0x0b6e4000 	C:\Windows\system32\igdumdx32.dll
0x0b820000 - 0x0be3d000 	C:\Windows\system32\igdumd32.dll
0x70a50000 - 0x70a75000 	C:\Windows\system32\PowrProf.dll
0x70170000 - 0x701c7000 	C:\Windows\SysWOW64\Dxtmsft.dll
0x64970000 - 0x65b23000 	C:\Windows\SysWOW64\Macromed\Flash\Flash32_18_0_0_209.ocx
0x700c0000 - 0x70132000 	C:\Windows\system32\DSOUND.dll
0x74970000 - 0x74975000 	C:\Windows\system32\MSIMG32.dll
0x6ff60000 - 0x6ff90000 	C:\Windows\system32\DINPUT8.dll
0x6ae40000 - 0x6aeb9000 	C:\Windows\system32\mscms.dll
0x72cf0000 - 0x72cf8000 	C:\Windows\system32\credssp.dll
0x6e800000 - 0x6e83a000 	C:\Windows\SysWOW64\schannel.dll
0x6e7a0000 - 0x6e7fd000 	C:\Program Files (x86)\AliWangWang\8.00.71C\AliIMX.dll
0x73030000 - 0x731c0000 	C:\Windows\WinSxS\x86_microsoft.windows.gdiplus_6595b64144ccf1df_1.1.7600.17007_none_72f44f3186198a88\gdiplus.dll
0x6e4f0000 - 0x6e51b000 	C:\Program Files (x86)\Internet Explorer\ieproxy.dll
0x75d90000 - 0x75dbd000 	C:\Windows\syswow64\wintrust.dll
0x73850000 - 0x73858000 	C:\Windows\system32\secur32.dll
0x72cb0000 - 0x72ce8000 	C:\Windows\system32\ncrypt.dll
0x72c90000 - 0x72ca7000 	C:\Windows\system32\bcrypt.dll
0x72c50000 - 0x72c8d000 	C:\Windows\SysWOW64\bcryptprimitives.dll
0x72c30000 - 0x72c46000 	C:\Windows\system32\GPAPI.dll
0x72950000 - 0x729e9000 	C:\Program Files (x86)\alipay\aliedit\5.3.0.3807\alidcp.dll
0x753b0000 - 0x753e0000 	C:\Windows\SysWOW64\iepeers.dll
0x13490000 - 0x1354c000 	C:\Program Files (x86)\alipay\aliedit\5.3.0.3807\aliedit.dll
0x74f80000 - 0x74f91000 	C:\Windows\system32\NETAPI32.dll
0x74f70000 - 0x74f79000 	C:\Windows\system32\netutils.dll

VM Arguments:
jvm_args: -Dfile.encoding=UTF-8 
java_command: com.edaigou3.MainView
Launcher Type: SUN_STANDARD

Environment Variables:
JAVA_HOME=C:\Program Files\Java\jdk1.7.0_60
JRE_HOME=C:\Program Files\Java\jre7
PATH=C:\Windows\system32;C:\Windows;C:\Windows\System32\Wbem;C:\Windows\System32\WindowsPowerShell\v1.0\;C:\Program Files (x86)\IDM Computer Solutions\UltraEdit\
USERNAME=zoro
OS=Windows_NT
PROCESSOR_IDENTIFIER=Intel64 Family 6 Model 42 Stepping 7, GenuineIntel



---------------  S Y S T E M  ---------------

OS: Windows 7 , 64 bit Build 7600 

CPU:total 4 (2 cores per cpu, 2 threads per core) family 6 model 42 stepping 7, cmov, cx8, fxsr, mmx, sse, sse2, sse3, ssse3, sse4.1, sse4.2, popcnt, ht

Memory: 4k page, physical 4103408k(1237036k free), swap 8204912k(4891688k free)

vm_info: Java HotSpot(TM) Client VM (20.45-b01) for windows-x86 JRE (1.6.0_45-b06), built on Mar 26 2013 13:40:03 by "java_re" with MS VC++ 7.1 (VS2003)

time: Wed Jul 22 23:10:08 2015
elapsed time: 7870 seconds

