#
# A fatal error has been detected by the Java Runtime Environment:
#
#  EXCEPTION_ACCESS_VIOLATION (0xc0000005) at pc=0x6b09d4b3, pid=3596, tid=1556
#
# JRE version: 6.0_45-b06
# Java VM: Java HotSpot(TM) Client VM (20.45-b01 mixed mode, sharing windows-x86 )
# Problematic frame:
# C  [mshtml.dll+0x6d4b3]
#
# If you would like to submit a bug report, please visit:
#   http://java.sun.com/webapps/bugreport/crash.jsp
# The crash happened outside the Java Virtual Machine in native code.
# See problematic frame for where to report the bug.
#

---------------  T H R E A D  ---------------

Current thread (0x0219e800):  JavaThread "main" [_thread_in_native, id=1556, stack(0x00280000,0x002d0000)]

siginfo: ExceptionCode=0xc0000005, reading address 0x0000001c

Registers:
EAX=0x00000000, EBX=0x1d3ef620, ECX=0x00000000, EDX=0x00000000
ESP=0x002cf274, EBP=0x002cf284, ESI=0x002cf2b8, EDI=0x00000000
EIP=0x6b09d4b3, EFLAGS=0x00010246

Top of Stack: (sp=0x002cf274)
0x002cf274:   6b09d4f4 002cf280 002cf2b8 00000000
0x002cf284:   002cf2a4 6b0a1fee 1d3ef620 005e2458
0x002cf294:   1d3ef620 00000087 00000000 00000087
0x002cf2a4:   002cf550 6b2162b9 1d3ef620 005e2458
0x002cf2b4:   1d3ef620 00000000 00000000 00000000
0x002cf2c4:   00000000 00000000 00000000 00000000
0x002cf2d4:   00000000 00000000 00000000 00000000
0x002cf2e4:   00000000 00000000 00000000 00000000 

Instructions: (pc=0x6b09d4b3)
0x6b09d493:   51 56 8b c2 e8 8f 44 07 00 89 42 18 e9 25 5b 07
0x6b09d4a3:   00 90 90 90 90 90 8b 40 4c eb 05 90 90 90 90 90
0x6b09d4b3:   8b 40 1c 83 e0 fc 8b 40 04 c3 e8 0a 00 00 00 e9
0x6b09d4c3:   6a fd 1a 00 90 90 90 90 90 8b ff 8b 40 04 f6 40 


Register to memory mapping:

EAX=0x00000000 is an unknown value
EBX=0x1d3ef620 is an unknown value
ECX=0x00000000 is an unknown value
EDX=0x00000000 is an unknown value
ESP=0x002cf274 is pointing into the stack for thread: 0x0219e800
EBP=0x002cf284 is pointing into the stack for thread: 0x0219e800
ESI=0x002cf2b8 is pointing into the stack for thread: 0x0219e800
EDI=0x00000000 is an unknown value


Stack: [0x00280000,0x002d0000],  sp=0x002cf274,  free space=316k
Native frames: (J=compiled Java code, j=interpreted, Vv=VM code, C=native code)
C  [mshtml.dll+0x6d4b3]  RunHTMLApplication+0xcc75
C  [mshtml.dll+0x71fee]  RunHTMLApplication+0x117b0
C  [mshtml.dll+0x1e62b9]  Ordinal103+0x63b54
C  [mshtml.dll+0x1eab15]  Ordinal103+0x683b0
C  [mshtml.dll+0x1eaad5]  Ordinal103+0x68370
C  [mshtml.dll+0x1eaabc]  Ordinal103+0x68357
C  [mshtml.dll+0x1a31b]
C  [mshtml.dll+0x1a261]
C  [mshtml.dll+0x17ac1b]  DllGetClassObject+0x386de
C  [mshtml.dll+0x17ac5c]  DllGetClassObject+0x3871f
C  [mshtml.dll+0x22f167]  DllCanUnloadNow+0x79c5
C  [mshtml.dll+0x1fb0f0]  Ordinal103+0x7898b
C  [mshtml.dll+0x1b77e8]  Ordinal103+0x35083
C  [USER32.dll+0x16238]  gapfnScSendMessage+0x270
C  [USER32.dll+0x168ea]  gapfnScSendMessage+0x922
C  [USER32.dll+0x17d31]  LoadStringW+0x11f
C  [USER32.dll+0x17dfa]  DispatchMessageW+0xf
C  [swt-win32-4332.dll+0x3afe]  Java_org_eclipse_swt_internal_win32_OS_DispatchMessageW+0x31
J  org.eclipse.swt.internal.win32.OS.DispatchMessageW(Lorg/eclipse/swt/internal/win32/MSG;)I
J  org.eclipse.swt.widgets.Display.readAndDispatch()Z
j  com.edaigou3.MainView.main([Ljava/lang/String;)V+9
v  ~StubRoutines::call_stub
V  [jvm.dll+0xfb88b]
V  [jvm.dll+0x18d551]
V  [jvm.dll+0xfb90d]
V  [jvm.dll+0x960f6]
V  [jvm.dll+0x9df33]
C  [javaw.exe+0x2155]
C  [javaw.exe+0x8624]
C  [kernel32.dll+0x13677]  BaseThreadInitThunk+0x12
C  [ntdll.dll+0x39f42]  RtlInitializeExceptionChain+0x63
C  [ntdll.dll+0x39f15]  RtlInitializeExceptionChain+0x36

Java frames: (J=compiled Java code, j=interpreted, Vv=VM code)
J  org.eclipse.swt.internal.win32.OS.DispatchMessageW(Lorg/eclipse/swt/internal/win32/MSG;)I
J  org.eclipse.swt.widgets.Display.readAndDispatch()Z
J  com.edaigou3.view.base.IMainView.open()V
j  com.edaigou3.view.base.IMainView.load()V+20
j  com.edaigou3.MainView.main([Ljava/lang/String;)V+9
v  ~StubRoutines::call_stub

---------------  P R O C E S S  ---------------

Java Threads: ( => current thread )
  0x04857000 JavaThread "AWT-Windows" daemon [_thread_in_native, id=876, stack(0x06fd0000,0x07020000)]
  0x02237800 JavaThread "Java2D Disposer" daemon [_thread_blocked, id=188, stack(0x06eb0000,0x06f00000)]
  0x0226f800 JavaThread "Abandoned connection cleanup thread" daemon [_thread_blocked, id=2440, stack(0x052f0000,0x05340000)]
  0x02269c00 JavaThread "C3P0PooledConnectionPoolManager[identityToken->1hge13a9aahahiwefinf2|1a0d866]-HelperThread-#2" daemon [_thread_blocked, id=3736, stack(0x05260000,0x052b0000)]
  0x02269800 JavaThread "C3P0PooledConnectionPoolManager[identityToken->1hge13a9aahahiwefinf2|1a0d866]-HelperThread-#1" daemon [_thread_blocked, id=584, stack(0x05160000,0x051b0000)]
  0x02269000 JavaThread "C3P0PooledConnectionPoolManager[identityToken->1hge13a9aahahiwefinf2|1a0d866]-HelperThread-#0" daemon [_thread_blocked, id=3908, stack(0x050d0000,0x05120000)]
  0x04b88800 JavaThread "C3P0PooledConnectionPoolManager[identityToken->1hge13a9aahahiwefinf2|1a0d866]-AdminTaskTimer" daemon [_thread_blocked, id=3852, stack(0x04fd0000,0x05020000)]
  0x02218000 JavaThread "Low Memory Detector" daemon [_thread_blocked, id=700, stack(0x045e0000,0x04630000)]
  0x02210000 JavaThread "C1 CompilerThread0" daemon [_thread_blocked, id=3592, stack(0x04550000,0x045a0000)]
  0x0220bc00 JavaThread "Attach Listener" daemon [_thread_blocked, id=1440, stack(0x044c0000,0x04510000)]
  0x02208c00 JavaThread "Signal Dispatcher" daemon [_thread_blocked, id=2496, stack(0x04430000,0x04480000)]
  0x021fd400 JavaThread "Finalizer" daemon [_thread_blocked, id=1176, stack(0x043a0000,0x043f0000)]
  0x021fb800 JavaThread "Reference Handler" daemon [_thread_blocked, id=3524, stack(0x04310000,0x04360000)]
=>0x0219e800 JavaThread "main" [_thread_in_native, id=1556, stack(0x00280000,0x002d0000)]

Other Threads:
  0x021bf000 VMThread [stack: 0x04280000,0x042d0000] [id=772]
  0x0222a400 WatcherThread [stack: 0x04670000,0x046c0000] [id=2412]

VM state:not at safepoint (normal execution)

VM Mutex/Monitor currently owned by a thread: None

Heap
 def new generation   total 7040K, used 1794K [0x229f0000, 0x23190000, 0x27f40000)
  eden space 6272K,  27% used [0x229f0000, 0x22ba59f8, 0x23010000)
  from space 768K,   5% used [0x230d0000, 0x230dae38, 0x23190000)
  to   space 768K,   0% used [0x23010000, 0x23010000, 0x230d0000)
 tenured generation   total 15484K, used 14758K [0x27f40000, 0x28e5f000, 0x329f0000)
   the space 15484K,  95% used [0x27f40000, 0x28da9bb8, 0x28da9c00, 0x28e5f000)
 compacting perm gen  total 22016K, used 21812K [0x329f0000, 0x33f70000, 0x369f0000)
   the space 22016K,  99% used [0x329f0000, 0x33f3d150, 0x33f3d200, 0x33f70000)
    ro space 10240K,  55% used [0x369f0000, 0x36f73dd8, 0x36f73e00, 0x373f0000)
    rw space 12288K,  55% used [0x373f0000, 0x37a96cd0, 0x37a96e00, 0x37ff0000)

Code Cache  [0x02280000, 0x02610000, 0x04280000)
 total_blobs=1743 nmethods=1527 adapters=151 free_code_cache=29831936 largest_free_block=256

Dynamic libraries:
0x00400000 - 0x00425000 	C:\Users\zoro\Desktop\jdk1.6.0_45\bin\javaw.exe
0x772f0000 - 0x77470000 	C:\Windows\SysWOW64\ntdll.dll
0x76a40000 - 0x76b50000 	C:\Windows\syswow64\kernel32.dll
0x769f0000 - 0x76a37000 	C:\Windows\syswow64\KERNELBASE.dll
0x74eb0000 - 0x74f50000 	C:\Windows\syswow64\ADVAPI32.dll
0x75560000 - 0x7560c000 	C:\Windows\syswow64\msvcrt.dll
0x76b50000 - 0x76b69000 	C:\Windows\SysWOW64\sechost.dll
0x76b70000 - 0x76c60000 	C:\Windows\syswow64\RPCRT4.dll
0x74e50000 - 0x74eb0000 	C:\Windows\syswow64\SspiCli.dll
0x74e40000 - 0x74e4c000 	C:\Windows\syswow64\CRYPTBASE.dll
0x768b0000 - 0x769b0000 	C:\Windows\syswow64\USER32.dll
0x758c0000 - 0x75950000 	C:\Windows\syswow64\GDI32.dll
0x751b0000 - 0x751ba000 	C:\Windows\syswow64\LPK.dll
0x75950000 - 0x759ed000 	C:\Windows\syswow64\USP10.dll
0x75150000 - 0x751b0000 	C:\Windows\system32\IMM32.DLL
0x75320000 - 0x753ec000 	C:\Windows\syswow64\MSCTF.dll
0x7c340000 - 0x7c396000 	C:\Users\zoro\Desktop\jdk1.6.0_45\jre\bin\msvcr71.dll
0x6d8e0000 - 0x6db90000 	C:\Users\zoro\Desktop\jdk1.6.0_45\jre\bin\client\jvm.dll
0x73260000 - 0x73292000 	C:\Windows\system32\WINMM.dll
0x720f0000 - 0x7213b000 	C:\Windows\system32\apphelp.dll
0x6d890000 - 0x6d89c000 	C:\Users\zoro\Desktop\jdk1.6.0_45\jre\bin\verify.dll
0x6d3e0000 - 0x6d3ff000 	C:\Users\zoro\Desktop\jdk1.6.0_45\jre\bin\java.dll
0x6d8d0000 - 0x6d8df000 	C:\Users\zoro\Desktop\jdk1.6.0_45\jre\bin\zip.dll
0x6d6c0000 - 0x6d6d3000 	C:\Users\zoro\Desktop\jdk1.6.0_45\jre\bin\net.dll
0x767e0000 - 0x76815000 	C:\Windows\syswow64\WS2_32.dll
0x757b0000 - 0x757b6000 	C:\Windows\syswow64\NSI.dll
0x72c40000 - 0x72c7c000 	C:\Windows\system32\mswsock.dll
0x72820000 - 0x72826000 	C:\Windows\System32\wship6.dll
0x73000000 - 0x73010000 	C:\Windows\system32\NLAapi.dll
0x730a0000 - 0x730e4000 	C:\Windows\system32\DNSAPI.dll
0x72ff0000 - 0x72ff8000 	C:\Windows\System32\winrnr.dll
0x72fe0000 - 0x72ff0000 	C:\Windows\system32\napinsp.dll
0x72ad0000 - 0x72ae2000 	C:\Windows\system32\pnrpnsp.dll
0x72fd0000 - 0x72fdd000 	C:\Windows\system32\wshbth.dll
0x72830000 - 0x72835000 	C:\Windows\System32\wshtcpip.dll
0x73420000 - 0x7343c000 	C:\Windows\system32\IPHLPAPI.DLL
0x73410000 - 0x73417000 	C:\Windows\system32\WINNSI.DLL
0x72810000 - 0x72816000 	C:\Windows\system32\rasadhlp.dll
0x72140000 - 0x72178000 	C:\Windows\System32\fwpuclnt.dll
0x72620000 - 0x72636000 	C:\Windows\system32\CRYPTSP.dll
0x725e0000 - 0x7261b000 	C:\Windows\system32\rsaenh.dll
0x74d40000 - 0x74d57000 	C:\Windows\system32\USERENV.dll
0x74d30000 - 0x74d3b000 	C:\Windows\system32\profapi.dll
0x6d610000 - 0x6d619000 	C:\Users\zoro\Desktop\jdk1.6.0_45\jre\bin\management.dll
0x10000000 - 0x10070000 	C:\Users\zoro\.swt\lib\win32\x86\swt-win32-4332.dll
0x751c0000 - 0x7531c000 	C:\Windows\syswow64\ole32.dll
0x76c70000 - 0x76cff000 	C:\Windows\syswow64\OLEAUT32.dll
0x76e10000 - 0x76e8b000 	C:\Windows\syswow64\comdlg32.dll
0x76660000 - 0x766b7000 	C:\Windows\syswow64\SHLWAPI.dll
0x72d80000 - 0x72f1e000 	C:\Windows\WinSxS\x86_microsoft.windows.common-controls_6595b64144ccf1df_6.0.7600.16661_none_420fe3fa2b8113bd\COMCTL32.dll
0x75a10000 - 0x76659000 	C:\Windows\syswow64\SHELL32.dll
0x72420000 - 0x72471000 	C:\Windows\system32\WINSPOOL.DRV
0x757c0000 - 0x758b5000 	C:\Windows\syswow64\WININET.dll
0x753f0000 - 0x75526000 	C:\Windows\syswow64\urlmon.dll
0x766c0000 - 0x767dc000 	C:\Windows\syswow64\CRYPT32.dll
0x772c0000 - 0x772cc000 	C:\Windows\syswow64\MSASN1.dll
0x74f50000 - 0x7514f000 	C:\Windows\syswow64\iertutil.dll
0x72c80000 - 0x72d75000 	C:\Windows\system32\propsys.dll
0x76820000 - 0x768a3000 	C:\Windows\syswow64\CLBCatQ.DLL
0x73fd0000 - 0x74050000 	C:\Windows\system32\uxtheme.dll
0x736d0000 - 0x7370c000 	C:\Windows\system32\oleacc.dll
0x6b6e0000 - 0x6c166000 	C:\Windows\SysWOW64\ieframe.dll
0x769b0000 - 0x769b5000 	C:\Windows\syswow64\PSAPI.DLL
0x6c170000 - 0x6c1cf000 	C:\Windows\system32\SXS.DLL
0x73160000 - 0x7316e000 	C:\Windows\system32\RpcRtRemote.dll
0x73530000 - 0x735c3000 	C:\Users\zoro\AppData\Roaming\TaobaoProtect\TaobaoProtectSE.dll
0x74d70000 - 0x74d79000 	C:\Windows\system32\VERSION.dll
0x74360000 - 0x74363000 	C:\Windows\system32\sfc.dll
0x74350000 - 0x7435d000 	C:\Windows\system32\sfc_os.DLL
0x6c200000 - 0x6c22b000 	C:\Program Files (x86)\Internet Explorer\ieproxy.dll
0x6d0b0000 - 0x6d1fc000 	C:\Users\zoro\Desktop\jdk1.6.0_45\jre\bin\awt.dll
0x6c1e0000 - 0x6c1f3000 	C:\Windows\system32\DWMAPI.DLL
0x6b6b0000 - 0x6b6de000 	C:\Windows\system32\mlang.dll
0x6b030000 - 0x6b5f4000 	C:\Windows\SysWOW64\mshtml.dll
0x6b000000 - 0x6b02a000 	C:\Windows\SysWOW64\msls31.dll
0x72050000 - 0x72071000 	C:\Windows\system32\ntmarta.dll
0x76d90000 - 0x76dd5000 	C:\Windows\syswow64\WLDAP32.dll
0x72210000 - 0x7221b000 	C:\Windows\system32\msimtf.dll
0x6afc0000 - 0x6aff9000 	C:\Windows\system32\MMDevAPI.DLL
0x6af90000 - 0x6afc0000 	C:\Windows\system32\wdmaud.drv
0x70cb0000 - 0x70cb4000 	C:\Windows\system32\ksuser.dll
0x6c1d0000 - 0x6c1d7000 	C:\Windows\system32\AVRT.dll
0x73670000 - 0x736c2000 	C:\Windows\system32\RASAPI32.dll
0x73730000 - 0x73745000 	C:\Windows\system32\rasman.dll
0x73010000 - 0x7301d000 	C:\Windows\system32\rtutils.dll
0x727e0000 - 0x727e6000 	C:\Windows\system32\sensapi.dll
0x75610000 - 0x757ad000 	C:\Windows\syswow64\SETUPAPI.dll
0x769c0000 - 0x769e7000 	C:\Windows\syswow64\CFGMGR32.dll
0x759f0000 - 0x75a02000 	C:\Windows\syswow64\DEVOBJ.dll
0x73720000 - 0x73729000 	C:\Windows\system32\dsrole.dll
0x76c60000 - 0x76c63000 	C:\Windows\syswow64\Normaliz.dll
0x6af50000 - 0x6af86000 	C:\Windows\system32\AUDIOSES.DLL
0x6af40000 - 0x6af48000 	C:\Windows\system32\msacm32.drv
0x6af20000 - 0x6af34000 	C:\Windows\system32\MSACM32.dll
0x6af10000 - 0x6af17000 	C:\Windows\system32\midimap.dll
0x6af00000 - 0x6af0b000 	C:\Windows\system32\ImgUtil.dll
0x75530000 - 0x7555d000 	C:\Windows\syswow64\wintrust.dll
0x64170000 - 0x641aa000 	C:\Windows\system32\schannel.DLL
0x72840000 - 0x72848000 	C:\Windows\system32\credssp.dll
0x73170000 - 0x73178000 	C:\Windows\system32\secur32.dll
0x725a0000 - 0x725d8000 	C:\Windows\system32\ncrypt.dll
0x72580000 - 0x72597000 	C:\Windows\system32\bcrypt.dll
0x72540000 - 0x7257d000 	C:\Windows\SysWOW64\bcryptprimitives.dll
0x72300000 - 0x72316000 	C:\Windows\system32\GPAPI.dll
0x63e30000 - 0x63ee2000 	C:\Windows\SysWOW64\jscript.dll
0x73660000 - 0x7366e000 	C:\Windows\SysWOW64\pngfilt.dll
0x71ac0000 - 0x71ac5000 	C:\Windows\system32\msimg32.dll
0x6b600000 - 0x6b62f000 	C:\Windows\system32\XmlLite.dll
0x62c90000 - 0x63e24000 	C:\Windows\SysWOW64\Macromed\Flash\Flash32_18_0_0_194.ocx
0x63f30000 - 0x63fa2000 	C:\Windows\system32\DSOUND.dll
0x70d20000 - 0x70d45000 	C:\Windows\system32\POWRPROF.dll
0x63f00000 - 0x63f30000 	C:\Windows\system32\DINPUT8.dll
0x65150000 - 0x651c9000 	C:\Windows\system32\mscms.dll
0x72380000 - 0x72419000 	C:\Program Files (x86)\alipay\aliedit\5.3.0.3807\alidcp.dll
0x641d0000 - 0x641da000 	C:\Windows\SysWOW64\ddrawex.dll
0x62ba0000 - 0x62c87000 	C:\Windows\SysWOW64\DDRAW.dll
0x64160000 - 0x64166000 	C:\Windows\SysWOW64\DCIMAN32.dll
0x0afe0000 - 0x0b074000 	C:\Windows\system32\igdumdx32.dll
0x0b200000 - 0x0b81d000 	C:\Windows\system32\igdumd32.dll
0x62b20000 - 0x62b95000 	C:\Program Files (x86)\AliWorkbench\3.01.07N\AliIMSSOLogin.dll
0x629e0000 - 0x62b13000 	C:\Windows\System32\msxml3.dll
0x72ab0000 - 0x72aba000 	C:\Windows\system32\wbem\wbemprox.dll
0x72320000 - 0x7237c000 	C:\Windows\system32\wbemcomn.dll
0x722f0000 - 0x722ff000 	C:\Windows\system32\wbem\wbemsvc.dll
0x72250000 - 0x722e6000 	C:\Windows\system32\wbem\fastprox.dll
0x72230000 - 0x72248000 	C:\Windows\system32\NTDSAPI.dll
0x72010000 - 0x72026000 	C:\Windows\system32\wlanapi.dll
0x72000000 - 0x72006000 	C:\Windows\system32\wlanutil.dll

VM Arguments:
jvm_args: -Dfile.encoding=UTF-8 
java_command: com.edaigou3.MainView
Launcher Type: SUN_STANDARD

Environment Variables:
JAVA_HOME=C:\Program Files\Java\jdk1.7.0_60
JRE_HOME=C:\Program Files\Java\jre7
PATH=C:\Windows\system32;C:\Windows;C:\Windows\System32\Wbem;C:\Windows\System32\WindowsPowerShell\v1.0\;C:\Program Files (x86)\IDM Computer Solutions\UltraEdit\
USERNAME=zoro
OS=Windows_NT
PROCESSOR_IDENTIFIER=Intel64 Family 6 Model 42 Stepping 7, GenuineIntel



---------------  S Y S T E M  ---------------

OS: Windows 7 , 64 bit Build 7600 

CPU:total 4 (2 cores per cpu, 2 threads per core) family 6 model 42 stepping 7, cmov, cx8, fxsr, mmx, sse, sse2, sse3, ssse3, sse4.1, sse4.2, popcnt, ht

Memory: 4k page, physical 4103408k(1757564k free), swap 8204912k(5520868k free)

vm_info: Java HotSpot(TM) Client VM (20.45-b01) for windows-x86 JRE (1.6.0_45-b06), built on Mar 26 2013 13:40:03 by "java_re" with MS VC++ 7.1 (VS2003)

time: Wed Jun 24 22:04:28 2015
elapsed time: 1898 seconds

