#
# A fatal error has been detected by the Java Runtime Environment:
#
#  EXCEPTION_ACCESS_VIOLATION (0xc0000005) at pc=0x6c2ad4b3, pid=5960, tid=6024
#
# JRE version: 6.0_45-b06
# Java VM: Java HotSpot(TM) Client VM (20.45-b01 mixed mode, sharing windows-x86 )
# Problematic frame:
# C  [mshtml.dll+0x6d4b3]
#
# If you would like to submit a bug report, please visit:
#   http://java.sun.com/webapps/bugreport/crash.jsp
# The crash happened outside the Java Virtual Machine in native code.
# See problematic frame for where to report the bug.
#

---------------  T H R E A D  ---------------

Current thread (0x020be800):  JavaThread "main" [_thread_in_native, id=6024, stack(0x00370000,0x003c0000)]

siginfo: ExceptionCode=0xc0000005, reading address 0x0000001c

Registers:
EAX=0x00000000, EBX=0x1386c0b0, ECX=0x00000000, EDX=0x00000000
ESP=0x003bf274, EBP=0x003bf284, ESI=0x003bf2b8, EDI=0x00000000
EIP=0x6c2ad4b3, EFLAGS=0x00010246

Top of Stack: (sp=0x003bf274)
0x003bf274:   6c2ad4f4 003bf280 003bf2b8 00000000
0x003bf284:   003bf2a4 6c2b1fee 1386c0b0 003337c0
0x003bf294:   1386c0b0 0000007b 00000000 0000007b
0x003bf2a4:   003bf550 6c4262b9 1386c0b0 003337c0
0x003bf2b4:   1386c0b0 00000000 00000000 00000000
0x003bf2c4:   00000000 00000000 00000000 00000000
0x003bf2d4:   00000000 00000000 00000000 00000000
0x003bf2e4:   00000000 00000000 00000000 00000000 

Instructions: (pc=0x6c2ad4b3)
0x6c2ad493:   51 56 8b c2 e8 8f 44 07 00 89 42 18 e9 25 5b 07
0x6c2ad4a3:   00 90 90 90 90 90 8b 40 4c eb 05 90 90 90 90 90
0x6c2ad4b3:   8b 40 1c 83 e0 fc 8b 40 04 c3 e8 0a 00 00 00 e9
0x6c2ad4c3:   6a fd 1a 00 90 90 90 90 90 8b ff 8b 40 04 f6 40 


Register to memory mapping:

EAX=0x00000000 is an unknown value
EBX=0x1386c0b0 is an unknown value
ECX=0x00000000 is an unknown value
EDX=0x00000000 is an unknown value
ESP=0x003bf274 is pointing into the stack for thread: 0x020be800
EBP=0x003bf284 is pointing into the stack for thread: 0x020be800
ESI=0x003bf2b8 is pointing into the stack for thread: 0x020be800
EDI=0x00000000 is an unknown value


Stack: [0x00370000,0x003c0000],  sp=0x003bf274,  free space=316k
Native frames: (J=compiled Java code, j=interpreted, Vv=VM code, C=native code)
C  [mshtml.dll+0x6d4b3]  RunHTMLApplication+0xcc75
C  [mshtml.dll+0x71fee]  RunHTMLApplication+0x117b0
C  [mshtml.dll+0x1e62b9]  Ordinal103+0x63b54
C  [mshtml.dll+0x1eab15]  Ordinal103+0x683b0
C  [mshtml.dll+0x1eaad5]  Ordinal103+0x68370
C  [mshtml.dll+0x1eaabc]  Ordinal103+0x68357
C  [mshtml.dll+0x1a31b]
C  [mshtml.dll+0x1a261]
C  [mshtml.dll+0x17ac1b]  DllGetClassObject+0x386de
C  [mshtml.dll+0x17ac5c]  DllGetClassObject+0x3871f
C  [mshtml.dll+0x22e676]  DllCanUnloadNow+0x6ed4
C  [mshtml.dll+0x1fb0f0]  Ordinal103+0x7898b
C  [mshtml.dll+0x1b77e8]  Ordinal103+0x35083
C  [USER32.dll+0x16238]  gapfnScSendMessage+0x270
C  [USER32.dll+0x168ea]  gapfnScSendMessage+0x922
C  [USER32.dll+0x17d31]  LoadStringW+0x11f
C  [USER32.dll+0x17dfa]  DispatchMessageW+0xf
C  [swt-win32-4332.dll+0x3afe]  Java_org_eclipse_swt_internal_win32_OS_DispatchMessageW+0x31
J  org.eclipse.swt.internal.win32.OS.DispatchMessageW(Lorg/eclipse/swt/internal/win32/MSG;)I
J  org.eclipse.swt.widgets.Display.readAndDispatch()Z
j  com.edaigou3.MainView.main([Ljava/lang/String;)V+9
v  ~StubRoutines::call_stub
V  [jvm.dll+0xfb88b]
V  [jvm.dll+0x18d551]
V  [jvm.dll+0xfb90d]
V  [jvm.dll+0x960f6]
V  [jvm.dll+0x9df33]
C  [javaw.exe+0x2155]
C  [javaw.exe+0x8624]
C  [kernel32.dll+0x13677]  BaseThreadInitThunk+0x12
C  [ntdll.dll+0x39f42]  RtlInitializeExceptionChain+0x63
C  [ntdll.dll+0x39f15]  RtlInitializeExceptionChain+0x36

Java frames: (J=compiled Java code, j=interpreted, Vv=VM code)
J  org.eclipse.swt.internal.win32.OS.DispatchMessageW(Lorg/eclipse/swt/internal/win32/MSG;)I
J  org.eclipse.swt.widgets.Display.readAndDispatch()Z
J  com.edaigou3.view.base.IMainView.open()V
j  com.edaigou3.view.base.IMainView.load()V+20
j  com.edaigou3.MainView.main([Ljava/lang/String;)V+9
v  ~StubRoutines::call_stub

---------------  P R O C E S S  ---------------

Java Threads: ( => current thread )
  0x05357400 JavaThread "AWT-Windows" daemon [_thread_in_native, id=4424, stack(0x07720000,0x07770000)]
  0x04c23800 JavaThread "Java2D Disposer" daemon [_thread_blocked, id=5868, stack(0x07600000,0x07650000)]
  0x04bcb400 JavaThread "Abandoned connection cleanup thread" daemon [_thread_blocked, id=5276, stack(0x052f0000,0x05340000)]
  0x04bf0800 JavaThread "C3P0PooledConnectionPoolManager[identityToken->1hge13g9aj0dqexmidbe0|1922f46]-HelperThread-#2" daemon [_thread_blocked, id=5132, stack(0x05260000,0x052b0000)]
  0x04bf0000 JavaThread "C3P0PooledConnectionPoolManager[identityToken->1hge13g9aj0dqexmidbe0|1922f46]-HelperThread-#1" daemon [_thread_blocked, id=5156, stack(0x051d0000,0x05220000)]
  0x04bcf400 JavaThread "C3P0PooledConnectionPoolManager[identityToken->1hge13g9aj0dqexmidbe0|1922f46]-HelperThread-#0" daemon [_thread_blocked, id=5136, stack(0x05000000,0x05050000)]
  0x04ba7800 JavaThread "C3P0PooledConnectionPoolManager[identityToken->1hge13g9aj0dqexmidbe0|1922f46]-AdminTaskTimer" daemon [_thread_blocked, id=5144, stack(0x04f00000,0x04f50000)]
  0x02138800 JavaThread "Low Memory Detector" daemon [_thread_blocked, id=944, stack(0x045f0000,0x04640000)]
  0x0212cc00 JavaThread "C1 CompilerThread0" daemon [_thread_blocked, id=6040, stack(0x04560000,0x045b0000)]
  0x0212b800 JavaThread "Attach Listener" daemon [_thread_blocked, id=5820, stack(0x044d0000,0x04520000)]
  0x02128c00 JavaThread "Signal Dispatcher" daemon [_thread_blocked, id=6028, stack(0x04440000,0x04490000)]
  0x0211d800 JavaThread "Finalizer" daemon [_thread_blocked, id=5984, stack(0x043b0000,0x04400000)]
  0x0211b800 JavaThread "Reference Handler" daemon [_thread_blocked, id=1152, stack(0x04320000,0x04370000)]
=>0x020be800 JavaThread "main" [_thread_in_native, id=6024, stack(0x00370000,0x003c0000)]

Other Threads:
  0x020df000 VMThread [stack: 0x04290000,0x042e0000] [id=6064]
  0x02149800 WatcherThread [stack: 0x04680000,0x046d0000] [id=3840]

VM state:not at safepoint (normal execution)

VM Mutex/Monitor currently owned by a thread: None

Heap
 def new generation   total 4992K, used 914K [0x229f0000, 0x22f50000, 0x27f40000)
  eden space 4480K,   8% used [0x229f0000, 0x22a54828, 0x22e50000)
  from space 512K, 100% used [0x22e50000, 0x22ed0000, 0x22ed0000)
  to   space 512K,   0% used [0x22ed0000, 0x22ed0000, 0x22f50000)
 tenured generation   total 10944K, used 8291K [0x27f40000, 0x289f0000, 0x329f0000)
   the space 10944K,  75% used [0x27f40000, 0x28758cc0, 0x28758e00, 0x289f0000)
 compacting perm gen  total 19712K, used 19634K [0x329f0000, 0x33d30000, 0x369f0000)
   the space 19712K,  99% used [0x329f0000, 0x33d1cb20, 0x33d1cc00, 0x33d30000)
    ro space 10240K,  55% used [0x369f0000, 0x36f73dd8, 0x36f73e00, 0x373f0000)
    rw space 12288K,  55% used [0x373f0000, 0x37a96cd0, 0x37a96e00, 0x37ff0000)

Code Cache  [0x021a0000, 0x024c0000, 0x041a0000)
 total_blobs=1549 nmethods=1332 adapters=151 free_code_cache=30294592 largest_free_block=384

Dynamic libraries:
0x00400000 - 0x00425000 	C:\Users\zoro\Desktop\jdk1.6.0_45\bin\javaw.exe
0x770b0000 - 0x77230000 	C:\Windows\SysWOW64\ntdll.dll
0x76020000 - 0x76130000 	C:\Windows\syswow64\kernel32.dll
0x74e30000 - 0x74e77000 	C:\Windows\syswow64\KERNELBASE.dll
0x76790000 - 0x76830000 	C:\Windows\syswow64\ADVAPI32.dll
0x74d80000 - 0x74e2c000 	C:\Windows\syswow64\msvcrt.dll
0x765d0000 - 0x765e9000 	C:\Windows\SysWOW64\sechost.dll
0x769c0000 - 0x76ab0000 	C:\Windows\syswow64\RPCRT4.dll
0x74c10000 - 0x74c70000 	C:\Windows\syswow64\SspiCli.dll
0x74c00000 - 0x74c0c000 	C:\Windows\syswow64\CRYPTBASE.dll
0x76600000 - 0x76700000 	C:\Windows\syswow64\USER32.dll
0x74fd0000 - 0x75060000 	C:\Windows\syswow64\GDI32.dll
0x76950000 - 0x7695a000 	C:\Windows\syswow64\LPK.dll
0x76830000 - 0x768cd000 	C:\Windows\syswow64\USP10.dll
0x76960000 - 0x769c0000 	C:\Windows\system32\IMM32.DLL
0x74cb0000 - 0x74d7c000 	C:\Windows\syswow64\MSCTF.dll
0x7c340000 - 0x7c396000 	C:\Users\zoro\Desktop\jdk1.6.0_45\jre\bin\msvcr71.dll
0x6d8e0000 - 0x6db90000 	C:\Users\zoro\Desktop\jdk1.6.0_45\jre\bin\client\jvm.dll
0x72ff0000 - 0x73022000 	C:\Windows\system32\WINMM.dll
0x724d0000 - 0x7251b000 	C:\Windows\system32\apphelp.dll
0x6d890000 - 0x6d89c000 	C:\Users\zoro\Desktop\jdk1.6.0_45\jre\bin\verify.dll
0x6d3e0000 - 0x6d3ff000 	C:\Users\zoro\Desktop\jdk1.6.0_45\jre\bin\java.dll
0x6d8d0000 - 0x6d8df000 	C:\Users\zoro\Desktop\jdk1.6.0_45\jre\bin\zip.dll
0x6d6c0000 - 0x6d6d3000 	C:\Users\zoro\Desktop\jdk1.6.0_45\jre\bin\net.dll
0x74c70000 - 0x74ca5000 	C:\Windows\syswow64\WS2_32.dll
0x765f0000 - 0x765f6000 	C:\Windows\syswow64\NSI.dll
0x72650000 - 0x7268c000 	C:\Windows\system32\mswsock.dll
0x72000000 - 0x72006000 	C:\Windows\System32\wship6.dll
0x72210000 - 0x72220000 	C:\Windows\system32\NLAapi.dll
0x72be0000 - 0x72c24000 	C:\Windows\system32\DNSAPI.dll
0x72200000 - 0x72208000 	C:\Windows\System32\winrnr.dll
0x72180000 - 0x72190000 	C:\Windows\system32\napinsp.dll
0x72160000 - 0x72172000 	C:\Windows\system32\pnrpnsp.dll
0x72150000 - 0x7215d000 	C:\Windows\system32\wshbth.dll
0x72010000 - 0x72015000 	C:\Windows\System32\wshtcpip.dll
0x731e0000 - 0x731fc000 	C:\Windows\system32\IPHLPAPI.DLL
0x731d0000 - 0x731d7000 	C:\Windows\system32\WINNSI.DLL
0x71ff0000 - 0x71ff6000 	C:\Windows\system32\rasadhlp.dll
0x72530000 - 0x72568000 	C:\Windows\System32\fwpuclnt.dll
0x72570000 - 0x72586000 	C:\Windows\system32\CRYPTSP.dll
0x723d0000 - 0x7240b000 	C:\Windows\system32\rsaenh.dll
0x733f0000 - 0x73407000 	C:\Windows\system32\USERENV.dll
0x733e0000 - 0x733eb000 	C:\Windows\system32\profapi.dll
0x6d610000 - 0x6d619000 	C:\Users\zoro\Desktop\jdk1.6.0_45\jre\bin\management.dll
0x10000000 - 0x10070000 	C:\Users\zoro\.swt\lib\win32\x86\swt-win32-4332.dll
0x75ec0000 - 0x7601c000 	C:\Windows\syswow64\ole32.dll
0x75060000 - 0x750ef000 	C:\Windows\syswow64\OLEAUT32.dll
0x768d0000 - 0x7694b000 	C:\Windows\syswow64\comdlg32.dll
0x75de0000 - 0x75e37000 	C:\Windows\syswow64\SHLWAPI.dll
0x72ca0000 - 0x72e3e000 	C:\Windows\WinSxS\x86_microsoft.windows.common-controls_6595b64144ccf1df_6.0.7600.16661_none_420fe3fa2b8113bd\COMCTL32.dll
0x75180000 - 0x75dc9000 	C:\Windows\syswow64\SHELL32.dll
0x71ec0000 - 0x71f11000 	C:\Windows\system32\WINSPOOL.DRV
0x762d0000 - 0x763c5000 	C:\Windows\syswow64\WININET.dll
0x76ab0000 - 0x76be6000 	C:\Windows\syswow64\urlmon.dll
0x74e80000 - 0x74f9c000 	C:\Windows\syswow64\CRYPT32.dll
0x76ca0000 - 0x76cac000 	C:\Windows\syswow64\MSASN1.dll
0x763d0000 - 0x765cf000 	C:\Windows\syswow64\iertutil.dll
0x72a40000 - 0x72b35000 	C:\Windows\system32\propsys.dll
0x750f0000 - 0x75173000 	C:\Windows\syswow64\CLBCatQ.DLL
0x73450000 - 0x734d0000 	C:\Windows\system32\uxtheme.dll
0x71d10000 - 0x71d4c000 	C:\Windows\system32\oleacc.dll
0x69f00000 - 0x6a986000 	C:\Windows\SysWOW64\ieframe.dll
0x75dd0000 - 0x75dd5000 	C:\Windows\syswow64\PSAPI.DLL
0x734d0000 - 0x7352f000 	C:\Windows\system32\SXS.DLL
0x72fe0000 - 0x72fee000 	C:\Windows\system32\RpcRtRemote.dll
0x70a60000 - 0x70af3000 	C:\Users\zoro\AppData\Roaming\TaobaoProtect\TaobaoProtectSE.dll
0x73420000 - 0x73429000 	C:\Windows\system32\VERSION.dll
0x74670000 - 0x74673000 	C:\Windows\system32\sfc.dll
0x73fd0000 - 0x73fdd000 	C:\Windows\system32\sfc_os.DLL
0x74ad0000 - 0x74afb000 	C:\Program Files (x86)\Internet Explorer\ieproxy.dll
0x6d0b0000 - 0x6d1fc000 	C:\Users\zoro\Desktop\jdk1.6.0_45\jre\bin\awt.dll
0x74ab0000 - 0x74ac3000 	C:\Windows\system32\DWMAPI.DLL
0x74a80000 - 0x74aae000 	C:\Windows\system32\mlang.dll
0x6c240000 - 0x6c804000 	C:\Windows\SysWOW64\mshtml.dll
0x74800000 - 0x7482a000 	C:\Windows\SysWOW64\msls31.dll
0x71dc0000 - 0x71de1000 	C:\Windows\system32\ntmarta.dll
0x76c50000 - 0x76c95000 	C:\Windows\syswow64\WLDAP32.dll
0x747b0000 - 0x747bb000 	C:\Windows\system32\msimtf.dll
0x714b0000 - 0x71502000 	C:\Windows\system32\RASAPI32.dll
0x73430000 - 0x73445000 	C:\Windows\system32\rasman.dll
0x72b50000 - 0x72b5d000 	C:\Windows\system32\rtutils.dll
0x72590000 - 0x72596000 	C:\Windows\system32\sensapi.dll
0x747c0000 - 0x747f9000 	C:\Windows\system32\MMDevAPI.DLL
0x736c0000 - 0x736f0000 	C:\Windows\system32\wdmaud.drv
0x74a60000 - 0x74a64000 	C:\Windows\system32\ksuser.dll
0x74a70000 - 0x74a77000 	C:\Windows\system32\AVRT.dll
0x736b0000 - 0x736b9000 	C:\Windows\system32\dsrole.dll
0x76130000 - 0x762cd000 	C:\Windows\syswow64\SETUPAPI.dll
0x76c20000 - 0x76c47000 	C:\Windows\syswow64\CFGMGR32.dll
0x75e40000 - 0x75e52000 	C:\Windows\syswow64\DEVOBJ.dll
0x77080000 - 0x77083000 	C:\Windows\syswow64\Normaliz.dll
0x73590000 - 0x735c6000 	C:\Windows\system32\AUDIOSES.DLL
0x747a0000 - 0x747a8000 	C:\Windows\system32\msacm32.drv
0x73530000 - 0x73544000 	C:\Windows\system32\MSACM32.dll
0x74790000 - 0x74797000 	C:\Windows\system32\midimap.dll
0x76bf0000 - 0x76c1d000 	C:\Windows\syswow64\wintrust.dll
0x74630000 - 0x7466a000 	C:\Windows\system32\schannel.DLL
0x72020000 - 0x72028000 	C:\Windows\system32\credssp.dll
0x72f20000 - 0x72f28000 	C:\Windows\system32\secur32.dll
0x72390000 - 0x723c8000 	C:\Windows\system32\ncrypt.dll
0x72280000 - 0x72297000 	C:\Windows\system32\bcrypt.dll
0x72240000 - 0x7227d000 	C:\Windows\SysWOW64\bcryptprimitives.dll
0x72220000 - 0x72236000 	C:\Windows\system32\GPAPI.dll
0x6eb60000 - 0x6ec12000 	C:\Windows\SysWOW64\jscript.dll
0x73560000 - 0x7356b000 	C:\Windows\system32\ImgUtil.dll
0x72520000 - 0x7252e000 	C:\Windows\SysWOW64\pngfilt.dll
0x71d60000 - 0x71d65000 	C:\Windows\system32\msimg32.dll
0x735d0000 - 0x735ff000 	C:\Windows\system32\XmlLite.dll
0x5c2a0000 - 0x5d434000 	C:\Windows\SysWOW64\Macromed\Flash\Flash32_18_0_0_194.ocx
0x6c100000 - 0x6c172000 	C:\Windows\system32\DSOUND.dll
0x6f8e0000 - 0x6f905000 	C:\Windows\system32\POWRPROF.dll
0x6c0b0000 - 0x6c0e0000 	C:\Windows\system32\DINPUT8.dll
0x6aae0000 - 0x6ab59000 	C:\Windows\system32\mscms.dll
0x720a0000 - 0x72139000 	C:\Program Files (x86)\alipay\aliedit\5.3.0.3807\alidcp.dll
0x70b30000 - 0x70b3a000 	C:\Windows\SysWOW64\ddrawex.dll
0x0a7b0000 - 0x0a897000 	C:\Windows\SysWOW64\DDRAW.dll
0x70b20000 - 0x70b26000 	C:\Windows\SysWOW64\DCIMAN32.dll
0x0a8b0000 - 0x0a944000 	C:\Windows\system32\igdumdx32.dll
0x0aab0000 - 0x0b0cd000 	C:\Windows\system32\igdumd32.dll
0x6eae0000 - 0x6eb55000 	C:\Program Files (x86)\AliWorkbench\3.01.07N\AliIMSSOLogin.dll
0x0d820000 - 0x0d953000 	C:\Windows\System32\msxml3.dll
0x72090000 - 0x7209a000 	C:\Windows\system32\wbem\wbemprox.dll
0x72030000 - 0x7208c000 	C:\Windows\system32\wbemcomn.dll
0x71eb0000 - 0x71ebf000 	C:\Windows\system32\wbem\wbemsvc.dll
0x71e10000 - 0x71ea6000 	C:\Windows\system32\wbem\fastprox.dll
0x71df0000 - 0x71e08000 	C:\Windows\system32\NTDSAPI.dll
0x72430000 - 0x72446000 	C:\Windows\system32\wlanapi.dll
0x72420000 - 0x72426000 	C:\Windows\system32\wlanutil.dll

VM Arguments:
jvm_args: -Dfile.encoding=UTF-8 
java_command: com.edaigou3.MainView
Launcher Type: SUN_STANDARD

Environment Variables:
JAVA_HOME=C:\Program Files\Java\jdk1.7.0_60
JRE_HOME=C:\Program Files\Java\jre7
PATH=C:\Windows\system32;C:\Windows;C:\Windows\System32\Wbem;C:\Windows\System32\WindowsPowerShell\v1.0\;C:\Program Files (x86)\IDM Computer Solutions\UltraEdit\
USERNAME=zoro
OS=Windows_NT
PROCESSOR_IDENTIFIER=Intel64 Family 6 Model 42 Stepping 7, GenuineIntel



---------------  S Y S T E M  ---------------

OS: Windows 7 , 64 bit Build 7600 

CPU:total 4 (2 cores per cpu, 2 threads per core) family 6 model 42 stepping 7, cmov, cx8, fxsr, mmx, sse, sse2, sse3, ssse3, sse4.1, sse4.2, popcnt, ht

Memory: 4k page, physical 4103408k(962844k free), swap 8204912k(4583264k free)

vm_info: Java HotSpot(TM) Client VM (20.45-b01) for windows-x86 JRE (1.6.0_45-b06), built on Mar 26 2013 13:40:03 by "java_re" with MS VC++ 7.1 (VS2003)

time: Tue Jun 30 20:59:21 2015
elapsed time: 587 seconds

